     diagonalizing the dynamical matrix ...

 q =       0.0000      0.0000      0.0000
 **************************************************************************
     freq (    1) =      -0.000001 [THz] =      -0.000030 [cm-1]
 (  0.000075   0.000000     0.000012   0.000000    -0.250000   0.000000   )
 (  0.000075   0.000000     0.000012   0.000000    -0.250000   0.000000   )
 (  0.000075   0.000000     0.000012   0.000000    -0.250000   0.000000   )
 (  0.000075   0.000000     0.000012   0.000000    -0.250000   0.000000   )
 (  0.000075   0.000000     0.000012   0.000000    -0.250000   0.000000   )
 (  0.000075   0.000000     0.000012   0.000000    -0.250000   0.000000   )
 (  0.000075   0.000000     0.000012   0.000000    -0.250000   0.000000   )
 (  0.000075   0.000000     0.000012   0.000000    -0.250000   0.000000   )
 (  0.000075   0.000000     0.000012   0.000000    -0.250000   0.000000   )
 (  0.000075   0.000000     0.000012   0.000000    -0.250000   0.000000   )
 (  0.000075   0.000000     0.000012   0.000000    -0.250000   0.000000   )
 (  0.000075   0.000000     0.000012   0.000000    -0.250000   0.000000   )
 (  0.000075   0.000000     0.000012   0.000000    -0.250000   0.000000   )
 (  0.000075   0.000000     0.000012   0.000000    -0.250000   0.000000   )
 (  0.000075   0.000000     0.000012   0.000000    -0.250000   0.000000   )
 (  0.000075   0.000000     0.000012   0.000000    -0.250000   0.000000   )
     freq (    2) =       0.000000 [THz] =       0.000005 [cm-1]
 (  0.159678   0.000000     0.192361   0.000000     0.000057   0.000000   )
 (  0.159678   0.000000     0.192361   0.000000     0.000057   0.000000   )
 (  0.159678   0.000000     0.192361   0.000000     0.000057   0.000000   )
 (  0.159678   0.000000     0.192361   0.000000     0.000057   0.000000   )
 (  0.159678   0.000000     0.192361   0.000000     0.000057   0.000000   )
 (  0.159678   0.000000     0.192361   0.000000     0.000057   0.000000   )
 (  0.159678   0.000000     0.192361   0.000000     0.000057   0.000000   )
 (  0.159678   0.000000     0.192361   0.000000     0.000057   0.000000   )
 (  0.159678   0.000000     0.192361   0.000000     0.000057   0.000000   )
 (  0.159678   0.000000     0.192361   0.000000     0.000057   0.000000   )
 (  0.159678   0.000000     0.192361   0.000000     0.000057   0.000000   )
 (  0.159678   0.000000     0.192361   0.000000     0.000057   0.000000   )
 (  0.159678   0.000000     0.192361   0.000000     0.000057   0.000000   )
 (  0.159678   0.000000     0.192361   0.000000     0.000057   0.000000   )
 (  0.159678   0.000000     0.192361   0.000000     0.000057   0.000000   )
 (  0.159678   0.000000     0.192361   0.000000     0.000057   0.000000   )
     freq (    3) =       0.000000 [THz] =       0.000015 [cm-1]
 (  0.192361   0.000000    -0.159678   0.000000     0.000050   0.000000   )
 (  0.192361   0.000000    -0.159678   0.000000     0.000050   0.000000   )
 (  0.192361   0.000000    -0.159678   0.000000     0.000050   0.000000   )
 (  0.192361   0.000000    -0.159678   0.000000     0.000050   0.000000   )
 (  0.192361   0.000000    -0.159678   0.000000     0.000050   0.000000   )
 (  0.192361   0.000000    -0.159678   0.000000     0.000050   0.000000   )
 (  0.192361   0.000000    -0.159678   0.000000     0.000050   0.000000   )
 (  0.192361   0.000000    -0.159678   0.000000     0.000050   0.000000   )
 (  0.192361   0.000000    -0.159678   0.000000     0.000050   0.000000   )
 (  0.192361   0.000000    -0.159678   0.000000     0.000050   0.000000   )
 (  0.192361   0.000000    -0.159678   0.000000     0.000050   0.000000   )
 (  0.192361   0.000000    -0.159678   0.000000     0.000050   0.000000   )
 (  0.192361   0.000000    -0.159678   0.000000     0.000050   0.000000   )
 (  0.192361   0.000000    -0.159678   0.000000     0.000050   0.000000   )
 (  0.192361   0.000000    -0.159678   0.000000     0.000050   0.000000   )
 (  0.192361   0.000000    -0.159678   0.000000     0.000050   0.000000   )
     freq (    4) =       2.116076 [THz] =      70.584682 [cm-1]
 (  0.125134   0.000000     0.216672   0.000000    -0.000085   0.000000   )
 ( -0.125110   0.000000    -0.216686   0.000000    -0.000085   0.000000   )
 ( -0.124899   0.000000    -0.216306   0.000000    -0.000272   0.000000   )
 (  0.124910   0.000000     0.216299   0.000000    -0.000272   0.000000   )
 (  0.125115   0.000000     0.216667   0.000000     0.000000   0.000000   )
 ( -0.125098   0.000000    -0.216637   0.000000    -0.000000   0.000000   )
 ( -0.124920   0.000000    -0.216330   0.000000    -0.000000   0.000000   )
 (  0.124947   0.000000     0.216375   0.000000     0.000000   0.000000   )
 (  0.125098   0.000000     0.216637   0.000000     0.000000   0.000000   )
 ( -0.125115   0.000000    -0.216667   0.000000    -0.000000   0.000000   )
 ( -0.124947   0.000000    -0.216375   0.000000    -0.000000   0.000000   )
 (  0.124920   0.000000     0.216330   0.000000     0.000000   0.000000   )
 (  0.125110   0.000000     0.216686   0.000000     0.000085   0.000000   )
 ( -0.125134   0.000000    -0.216672   0.000000     0.000085   0.000000   )
 ( -0.124910   0.000000    -0.216299   0.000000     0.000272   0.000000   )
 (  0.124899   0.000000     0.216306   0.000000     0.000272   0.000000   )
     freq (    5) =       2.121889 [THz] =      70.778598 [cm-1]
 ( -0.216640   0.000000     0.125111   0.000000    -0.001190   0.000000   )
 (  0.216650   0.000000    -0.125094   0.000000     0.001190   0.000000   )
 (  0.216365   0.000000    -0.124921   0.000000     0.001135   0.000000   )
 ( -0.216348   0.000000     0.124951   0.000000    -0.001135   0.000000   )
 ( -0.216674   0.000000     0.125119   0.000000    -0.001162   0.000000   )
 (  0.216639   0.000000    -0.125099   0.000000     0.001141   0.000000   )
 (  0.216293   0.000000    -0.124899   0.000000     0.001154   0.000000   )
 ( -0.216345   0.000000     0.124929   0.000000    -0.001267   0.000000   )
 ( -0.216639   0.000000     0.125099   0.000000    -0.001141   0.000000   )
 (  0.216674   0.000000    -0.125119   0.000000     0.001162   0.000000   )
 (  0.216345   0.000000    -0.124929   0.000000     0.001267   0.000000   )
 ( -0.216293   0.000000     0.124899   0.000000    -0.001154   0.000000   )
 ( -0.216650   0.000000     0.125094   0.000000    -0.001190   0.000000   )
 (  0.216640   0.000000    -0.125111   0.000000     0.001190   0.000000   )
 (  0.216348   0.000000    -0.124951   0.000000     0.001135   0.000000   )
 ( -0.216365   0.000000     0.124921   0.000000    -0.001135   0.000000   )
     freq (    6) =       4.824600 [THz] =     160.931319 [cm-1]
 ( -0.001025   0.000000     0.000559   0.000000     0.251954   0.000000   )
 (  0.000997   0.000000    -0.000608   0.000000    -0.251954   0.000000   )
 (  0.000992   0.000000    -0.000642   0.000000    -0.248051   0.000000   )
 ( -0.001052   0.000000     0.000538   0.000000     0.248051   0.000000   )
 ( -0.001079   0.000000     0.000623   0.000000     0.252034   0.000000   )
 (  0.001026   0.000000    -0.000592   0.000000    -0.251642   0.000000   )
 (  0.000964   0.000000    -0.000556   0.000000    -0.247228   0.000000   )
 ( -0.000995   0.000000     0.000575   0.000000     0.249001   0.000000   )
 ( -0.001026   0.000000     0.000592   0.000000     0.251642   0.000000   )
 (  0.001079   0.000000    -0.000623   0.000000    -0.252034   0.000000   )
 (  0.000995   0.000000    -0.000575   0.000000    -0.249001   0.000000   )
 ( -0.000964   0.000000     0.000556   0.000000     0.247228   0.000000   )
 ( -0.000997   0.000000     0.000608   0.000000     0.251954   0.000000   )
 (  0.001025   0.000000    -0.000559   0.000000    -0.251954   0.000000   )
 (  0.001052   0.000000    -0.000538   0.000000    -0.248051   0.000000   )
 ( -0.000992   0.000000     0.000642   0.000000     0.248051   0.000000   )
     freq (    7) =       9.443090 [THz] =     314.987586 [cm-1]
 ( -0.000010   0.000000     0.000038   0.000000     0.090135   0.000000   )
 (  0.000038   0.000000     0.000011   0.000000    -0.090135   0.000000   )
 (  0.000074   0.000000    -0.000023   0.000000     0.312475   0.000000   )
 ( -0.000057   0.000000     0.000053   0.000000    -0.312475   0.000000   )
 ( -0.000029   0.000000     0.000017   0.000000    -0.035944   0.000000   )
 (  0.000070   0.000000    -0.000041   0.000000     0.145237   0.000000   )
 (  0.000032   0.000000    -0.000019   0.000000    -0.123088   0.000000   )
 (  0.000024   0.000000    -0.000014   0.000000     0.500933   0.000000   )
 ( -0.000070   0.000000     0.000041   0.000000    -0.145237   0.000000   )
 (  0.000029   0.000000    -0.000017   0.000000     0.035944   0.000000   )
 ( -0.000024   0.000000     0.000014   0.000000    -0.500933   0.000000   )
 ( -0.000032   0.000000     0.000019   0.000000     0.123088   0.000000   )
 ( -0.000038   0.000000    -0.000011   0.000000     0.090135   0.000000   )
 (  0.000010   0.000000    -0.000038   0.000000    -0.090135   0.000000   )
 (  0.000057   0.000000    -0.000053   0.000000     0.312475   0.000000   )
 ( -0.000074   0.000000     0.000023   0.000000    -0.312475   0.000000   )
     freq (    8) =       9.449150 [THz] =     315.189714 [cm-1]
 (  0.000059   0.000000     0.000152   0.000000     0.138583   0.000000   )
 ( -0.000102   0.000000    -0.000127   0.000000     0.138583   0.000000   )
 ( -0.000049   0.000000    -0.000119   0.000000     0.480411   0.000000   )
 (  0.000079   0.000000     0.000102   0.000000     0.480411   0.000000   )
 (  0.000070   0.000000     0.000121   0.000000    -0.000000   0.000000   )
 ( -0.000084   0.000000    -0.000145   0.000000    -0.000000   0.000000   )
 ( -0.000118   0.000000    -0.000205   0.000000    -0.000000   0.000000   )
 (  0.000070   0.000000     0.000122   0.000000    -0.000000   0.000000   )
 (  0.000084   0.000000     0.000145   0.000000     0.000000   0.000000   )
 ( -0.000070   0.000000    -0.000121   0.000000     0.000000   0.000000   )
 ( -0.000070   0.000000    -0.000122   0.000000     0.000000   0.000000   )
 (  0.000118   0.000000     0.000205   0.000000     0.000000   0.000000   )
 (  0.000102   0.000000     0.000127   0.000000    -0.138583   0.000000   )
 ( -0.000059   0.000000    -0.000152   0.000000    -0.138583   0.000000   )
 ( -0.000079   0.000000    -0.000102   0.000000    -0.480411   0.000000   )
 (  0.000049   0.000000     0.000119   0.000000    -0.480411   0.000000   )
     freq (    9) =       9.449831 [THz] =     315.212443 [cm-1]
 ( -0.000041   0.000000     0.000021   0.000000    -0.039167   0.000000   )
 (  0.000038   0.000000    -0.000025   0.000000     0.039167   0.000000   )
 ( -0.000032   0.000000     0.000001   0.000000    -0.133158   0.000000   )
 (  0.000017   0.000000    -0.000027   0.000000     0.133159   0.000000   )
 (  0.000029   0.000000    -0.000017   0.000000     0.165982   0.000000   )
 (  0.000005   0.000000    -0.000003   0.000000     0.089601   0.000000   )
 (  0.000081   0.000000    -0.000047   0.000000     0.575577   0.000000   )
 ( -0.000015   0.000000     0.000009   0.000000     0.307575   0.000000   )
 ( -0.000005   0.000000     0.000003   0.000000    -0.089601   0.000000   )
 ( -0.000029   0.000000     0.000017   0.000000    -0.165982   0.000000   )
 (  0.000015   0.000000    -0.000009   0.000000    -0.307575   0.000000   )
 ( -0.000081   0.000000     0.000047   0.000000    -0.575577   0.000000   )
 ( -0.000038   0.000000     0.000025   0.000000    -0.039167   0.000000   )
 (  0.000041   0.000000    -0.000021   0.000000     0.039167   0.000000   )
 ( -0.000017   0.000000     0.000027   0.000000    -0.133159   0.000000   )
 (  0.000032   0.000000    -0.000001   0.000000     0.133158   0.000000   )
     freq (   10) =       9.546218 [THz] =     318.427565 [cm-1]
 ( -0.000076   0.000000    -0.000128   0.000000     0.191014   0.000000   )
 ( -0.000073   0.000000    -0.000130   0.000000    -0.191014   0.000000   )
 (  0.000024   0.000000     0.000113   0.000000    -0.462075   0.000000   )
 (  0.000086   0.000000     0.000077   0.000000     0.462075   0.000000   )
 (  0.000072   0.000000     0.000124   0.000000    -0.000000   0.000000   )
 (  0.000047   0.000000     0.000081   0.000000     0.000000   0.000000   )
 ( -0.000046   0.000000    -0.000080   0.000000     0.000000   0.000000   )
 ( -0.000039   0.000000    -0.000068   0.000000    -0.000000   0.000000   )
 (  0.000047   0.000000     0.000081   0.000000     0.000000   0.000000   )
 (  0.000072   0.000000     0.000124   0.000000    -0.000000   0.000000   )
 ( -0.000039   0.000000    -0.000068   0.000000    -0.000000   0.000000   )
 ( -0.000046   0.000000    -0.000080   0.000000     0.000000   0.000000   )
 ( -0.000073   0.000000    -0.000130   0.000000    -0.191014   0.000000   )
 ( -0.000076   0.000000    -0.000128   0.000000     0.191014   0.000000   )
 (  0.000086   0.000000     0.000077   0.000000     0.462075   0.000000   )
 (  0.000024   0.000000     0.000113   0.000000    -0.462075   0.000000   )
     freq (   11) =       9.561991 [THz] =     318.953674 [cm-1]
 ( -0.000001   0.000000    -0.000037   0.000000     0.093239   0.000000   )
 (  0.000032   0.000000     0.000020   0.000000     0.093239   0.000000   )
 ( -0.000002   0.000000     0.000005   0.000000    -0.225437   0.000000   )
 ( -0.000005   0.000000    -0.000001   0.000000    -0.225437   0.000000   )
 ( -0.000042   0.000000     0.000024   0.000000     0.044999   0.000000   )
 (  0.000064   0.000000    -0.000037   0.000000    -0.231598   0.000000   )
 (  0.000035   0.000000    -0.000020   0.000000    -0.108895   0.000000   )
 ( -0.000070   0.000000     0.000040   0.000000     0.559865   0.000000   )
 (  0.000064   0.000000    -0.000037   0.000000    -0.231598   0.000000   )
 ( -0.000042   0.000000     0.000024   0.000000     0.044999   0.000000   )
 ( -0.000070   0.000000     0.000040   0.000000     0.559865   0.000000   )
 (  0.000035   0.000000    -0.000020   0.000000    -0.108895   0.000000   )
 (  0.000032   0.000000     0.000020   0.000000     0.093239   0.000000   )
 ( -0.000001   0.000000    -0.000037   0.000000     0.093239   0.000000   )
 ( -0.000005   0.000000    -0.000001   0.000000    -0.225437   0.000000   )
 ( -0.000002   0.000000     0.000005   0.000000    -0.225437   0.000000   )
     freq (   12) =       9.566208 [THz] =     319.094344 [cm-1]
 (  0.000024   0.000000     0.000055   0.000000    -0.097850   0.000000   )
 ( -0.000035   0.000000    -0.000048   0.000000    -0.097850   0.000000   )
 (  0.000017   0.000000    -0.000025   0.000000     0.236424   0.000000   )
 (  0.000030   0.000000    -0.000003   0.000000     0.236424   0.000000   )
 (  0.000070   0.000000    -0.000040   0.000000     0.229771   0.000000   )
 ( -0.000044   0.000000     0.000025   0.000000    -0.034086   0.000000   )
 ( -0.000107   0.000000     0.000062   0.000000    -0.555256   0.000000   )
 (  0.000049   0.000000    -0.000028   0.000000     0.082418   0.000000   )
 ( -0.000044   0.000000     0.000025   0.000000    -0.034086   0.000000   )
 (  0.000070   0.000000    -0.000040   0.000000     0.229771   0.000000   )
 (  0.000049   0.000000    -0.000028   0.000000     0.082418   0.000000   )
 ( -0.000107   0.000000     0.000062   0.000000    -0.555256   0.000000   )
 ( -0.000035   0.000000    -0.000048   0.000000    -0.097850   0.000000   )
 (  0.000024   0.000000     0.000055   0.000000    -0.097850   0.000000   )
 (  0.000030   0.000000    -0.000003   0.000000     0.236424   0.000000   )
 (  0.000017   0.000000    -0.000025   0.000000     0.236424   0.000000   )
     freq (   13) =      16.373483 [THz] =     546.160609 [cm-1]
 (  0.090198   0.000000     0.156348   0.000000    -0.000049   0.000000   )
 (  0.090243   0.000000     0.156330   0.000000     0.000049   0.000000   )
 (  0.086355   0.000000     0.149651   0.000000    -0.000041   0.000000   )
 (  0.086367   0.000000     0.149652   0.000000     0.000041   0.000000   )
 (  0.270863   0.000000    -0.156403   0.000000    -0.000028   0.000000   )
 (  0.270871   0.000000    -0.156416   0.000000    -0.000224   0.000000   )
 (  0.259429   0.000000    -0.149801   0.000000    -0.000044   0.000000   )
 (  0.259390   0.000000    -0.149786   0.000000     0.000014   0.000000   )
 ( -0.270871   0.000000     0.156416   0.000000     0.000224   0.000000   )
 ( -0.270863   0.000000     0.156403   0.000000     0.000028   0.000000   )
 ( -0.259390   0.000000     0.149786   0.000000    -0.000014   0.000000   )
 ( -0.259429   0.000000     0.149801   0.000000     0.000044   0.000000   )
 ( -0.090243   0.000000    -0.156330   0.000000    -0.000049   0.000000   )
 ( -0.090198   0.000000    -0.156348   0.000000     0.000049   0.000000   )
 ( -0.086367   0.000000    -0.149652   0.000000    -0.000041   0.000000   )
 ( -0.086355   0.000000    -0.149651   0.000000     0.000041   0.000000   )
     freq (   14) =      16.374170 [THz] =     546.183523 [cm-1]
 ( -0.206250   0.000000     0.225857   0.000000    -0.000249   0.000000   )
 ( -0.298741   0.000000     0.065657   0.000000    -0.000249   0.000000   )
 ( -0.197519   0.000000     0.216271   0.000000     0.000022   0.000000   )
 ( -0.286074   0.000000     0.062890   0.000000     0.000022   0.000000   )
 ( -0.130401   0.000000    -0.225796   0.000000     0.000000   0.000000   )
 ( -0.037917   0.000000    -0.065609   0.000000     0.000000   0.000000   )
 ( -0.124850   0.000000    -0.216185   0.000000     0.000000   0.000000   )
 ( -0.036285   0.000000    -0.062785   0.000000    -0.000000   0.000000   )
 (  0.037917   0.000000     0.065609   0.000000    -0.000000   0.000000   )
 (  0.130401   0.000000     0.225796   0.000000    -0.000000   0.000000   )
 (  0.036285   0.000000     0.062785   0.000000     0.000000   0.000000   )
 (  0.124850   0.000000     0.216185   0.000000    -0.000000   0.000000   )
 (  0.298741   0.000000    -0.065657   0.000000     0.000249   0.000000   )
 (  0.206250   0.000000    -0.225857   0.000000     0.000249   0.000000   )
 (  0.286074   0.000000    -0.062890   0.000000    -0.000022   0.000000   )
 (  0.197519   0.000000    -0.216271   0.000000    -0.000022   0.000000   )
     freq (   15) =      16.376595 [THz] =     546.264425 [cm-1]
 (  0.217114   0.000000     0.149484   0.000000     0.000472   0.000000   )
 ( -0.020890   0.000000    -0.262751   0.000000     0.000472   0.000000   )
 (  0.207906   0.000000     0.143171   0.000000    -0.000129   0.000000   )
 ( -0.020027   0.000000    -0.251620   0.000000    -0.000129   0.000000   )
 ( -0.086325   0.000000    -0.149554   0.000000     0.000000   0.000000   )
 (  0.151740   0.000000     0.262787   0.000000    -0.000000   0.000000   )
 ( -0.082624   0.000000    -0.143143   0.000000    -0.000000   0.000000   )
 (  0.145262   0.000000     0.251569   0.000000     0.000000   0.000000   )
 ( -0.151740   0.000000    -0.262787   0.000000     0.000000   0.000000   )
 (  0.086325   0.000000     0.149554   0.000000    -0.000000   0.000000   )
 ( -0.145262   0.000000    -0.251569   0.000000    -0.000000   0.000000   )
 (  0.082624   0.000000     0.143143   0.000000     0.000000   0.000000   )
 (  0.020890   0.000000     0.262751   0.000000    -0.000472   0.000000   )
 ( -0.217114   0.000000    -0.149484   0.000000    -0.000472   0.000000   )
 (  0.020027   0.000000     0.251620   0.000000     0.000129   0.000000   )
 ( -0.207906   0.000000    -0.143171   0.000000     0.000129   0.000000   )
     freq (   16) =      16.489404 [THz] =     550.027324 [cm-1]
 (  0.245639   0.000000     0.114859   0.000000     0.000121   0.000000   )
 ( -0.023345   0.000000     0.270166   0.000000    -0.000121   0.000000   )
 ( -0.234145   0.000000    -0.109488   0.000000    -0.000134   0.000000   )
 (  0.022249   0.000000    -0.257525   0.000000     0.000134   0.000000   )
 ( -0.066352   0.000000    -0.114911   0.000000    -0.000000   0.000000   )
 ( -0.155957   0.000000    -0.270139   0.000000    -0.000000   0.000000   )
 (  0.063246   0.000000     0.109533   0.000000     0.000000   0.000000   )
 (  0.148660   0.000000     0.257500   0.000000    -0.000000   0.000000   )
 ( -0.155957   0.000000    -0.270139   0.000000    -0.000000   0.000000   )
 ( -0.066352   0.000000    -0.114911   0.000000    -0.000000   0.000000   )
 (  0.148660   0.000000     0.257500   0.000000    -0.000000   0.000000   )
 (  0.063246   0.000000     0.109533   0.000000     0.000000   0.000000   )
 ( -0.023345   0.000000     0.270166   0.000000    -0.000121   0.000000   )
 (  0.245639   0.000000     0.114859   0.000000     0.000121   0.000000   )
 (  0.022249   0.000000    -0.257525   0.000000     0.000134   0.000000   )
 ( -0.234145   0.000000    -0.109488   0.000000    -0.000134   0.000000   )
     freq (   17) =      16.492207 [THz] =     550.120813 [cm-1]
 (  0.090261   0.000000     0.157067   0.000000     0.000166   0.000000   )
 ( -0.090091   0.000000    -0.156761   0.000000     0.000166   0.000000   )
 ( -0.086031   0.000000    -0.149698   0.000000    -0.000108   0.000000   )
 (  0.085863   0.000000     0.149411   0.000000    -0.000108   0.000000   )
 (  0.271257   0.000000    -0.157053   0.000000    -0.000066   0.000000   )
 ( -0.271435   0.000000     0.156752   0.000000    -0.000039   0.000000   )
 ( -0.258530   0.000000     0.149684   0.000000     0.000036   0.000000   )
 (  0.258704   0.000000    -0.149400   0.000000     0.000005   0.000000   )
 ( -0.271435   0.000000     0.156752   0.000000    -0.000039   0.000000   )
 (  0.271257   0.000000    -0.157053   0.000000    -0.000066   0.000000   )
 (  0.258704   0.000000    -0.149400   0.000000     0.000005   0.000000   )
 ( -0.258530   0.000000     0.149684   0.000000     0.000036   0.000000   )
 ( -0.090091   0.000000    -0.156761   0.000000     0.000166   0.000000   )
 (  0.090261   0.000000     0.157067   0.000000     0.000166   0.000000   )
 (  0.085863   0.000000     0.149411   0.000000    -0.000108   0.000000   )
 ( -0.086031   0.000000    -0.149698   0.000000    -0.000108   0.000000   )
     freq (   18) =      16.492394 [THz] =     550.127036 [cm-1]
 ( -0.172542   0.000000     0.245745   0.000000     0.000148   0.000000   )
 (  0.299335   0.000000    -0.026133   0.000000    -0.000148   0.000000   )
 (  0.164431   0.000000    -0.234210   0.000000    -0.000088   0.000000   )
 ( -0.285278   0.000000     0.024896   0.000000     0.000089   0.000000   )
 ( -0.142342   0.000000    -0.245703   0.000000     0.000000   0.000000   )
 (  0.015551   0.000000     0.026095   0.000000     0.000000   0.000000   )
 (  0.135685   0.000000     0.234211   0.000000    -0.000000   0.000000   )
 ( -0.014840   0.000000    -0.024902   0.000000     0.000000   0.000000   )
 (  0.015551   0.000000     0.026095   0.000000     0.000000   0.000000   )
 ( -0.142342   0.000000    -0.245703   0.000000     0.000000   0.000000   )
 ( -0.014840   0.000000    -0.024902   0.000000     0.000000   0.000000   )
 (  0.135685   0.000000     0.234211   0.000000    -0.000000   0.000000   )
 (  0.299335   0.000000    -0.026133   0.000000    -0.000148   0.000000   )
 ( -0.172542   0.000000     0.245745   0.000000     0.000148   0.000000   )
 ( -0.285278   0.000000     0.024896   0.000000     0.000089   0.000000   )
 (  0.164431   0.000000    -0.234210   0.000000    -0.000088   0.000000   )
     freq (   19) =      17.903770 [THz] =     597.205492 [cm-1]
 (  0.000251   0.000000     0.000058   0.000000    -0.488051   0.000000   )
 (  0.000075   0.000000    -0.000246   0.000000    -0.488051   0.000000   )
 (  0.000155   0.000000     0.000086   0.000000     0.108653   0.000000   )
 (  0.000003   0.000000    -0.000177   0.000000     0.108653   0.000000   )
 (  0.000023   0.000000     0.000039   0.000000    -0.000000   0.000000   )
 (  0.000206   0.000000     0.000357   0.000000    -0.000000   0.000000   )
 (  0.000084   0.000000     0.000145   0.000000     0.000000   0.000000   )
 (  0.000232   0.000000     0.000402   0.000000     0.000000   0.000000   )
 ( -0.000206   0.000000    -0.000357   0.000000     0.000000   0.000000   )
 ( -0.000023   0.000000    -0.000039   0.000000     0.000000   0.000000   )
 ( -0.000232   0.000000    -0.000402   0.000000    -0.000000   0.000000   )
 ( -0.000084   0.000000    -0.000145   0.000000    -0.000000   0.000000   )
 ( -0.000075   0.000000     0.000246   0.000000     0.488051   0.000000   )
 ( -0.000251   0.000000    -0.000058   0.000000     0.488051   0.000000   )
 ( -0.000003   0.000000     0.000177   0.000000    -0.108653   0.000000   )
 ( -0.000155   0.000000    -0.000086   0.000000    -0.108653   0.000000   )
     freq (   20) =      17.909358 [THz] =     597.391886 [cm-1]
 (  0.000025   0.000000     0.000023   0.000000     0.014871   0.000000   )
 (  0.000008   0.000000     0.000033   0.000000    -0.014871   0.000000   )
 (  0.000082   0.000000     0.000093   0.000000    -0.003313   0.000000   )
 (  0.000040   0.000000     0.000118   0.000000     0.003313   0.000000   )
 (  0.000057   0.000000    -0.000033   0.000000     0.472732   0.000000   )
 (  0.000065   0.000000    -0.000038   0.000000     0.502324   0.000000   )
 ( -0.000011   0.000000     0.000006   0.000000    -0.105593   0.000000   )
 (  0.000038   0.000000    -0.000022   0.000000    -0.112162   0.000000   )
 ( -0.000065   0.000000     0.000038   0.000000    -0.502324   0.000000   )
 ( -0.000057   0.000000     0.000033   0.000000    -0.472732   0.000000   )
 ( -0.000038   0.000000     0.000022   0.000000     0.112162   0.000000   )
 (  0.000011   0.000000    -0.000006   0.000000     0.105593   0.000000   )
 ( -0.000008   0.000000    -0.000033   0.000000     0.014871   0.000000   )
 ( -0.000025   0.000000    -0.000023   0.000000    -0.014871   0.000000   )
 ( -0.000040   0.000000    -0.000118   0.000000    -0.003313   0.000000   )
 ( -0.000082   0.000000    -0.000093   0.000000     0.003313   0.000000   )
     freq (   21) =      17.909651 [THz] =     597.401640 [cm-1]
 ( -0.000034   0.000000     0.000012   0.000000     0.344683   0.000000   )
 (  0.000027   0.000000    -0.000024   0.000000    -0.344683   0.000000   )
 ( -0.000086   0.000000    -0.000026   0.000000    -0.076985   0.000000   )
 (  0.000020   0.000000    -0.000088   0.000000     0.076985   0.000000   )
 (  0.000095   0.000000    -0.000055   0.000000    -0.365747   0.000000   )
 (  0.000043   0.000000    -0.000025   0.000000     0.323814   0.000000   )
 (  0.000149   0.000000    -0.000086   0.000000     0.081721   0.000000   )
 (  0.000020   0.000000    -0.000011   0.000000    -0.072314   0.000000   )
 ( -0.000043   0.000000     0.000025   0.000000    -0.323814   0.000000   )
 ( -0.000095   0.000000     0.000055   0.000000     0.365747   0.000000   )
 ( -0.000020   0.000000     0.000011   0.000000     0.072314   0.000000   )
 ( -0.000149   0.000000     0.000086   0.000000    -0.081721   0.000000   )
 ( -0.000027   0.000000     0.000024   0.000000     0.344683   0.000000   )
 (  0.000034   0.000000    -0.000012   0.000000    -0.344683   0.000000   )
 ( -0.000020   0.000000     0.000088   0.000000    -0.076985   0.000000   )
 (  0.000086   0.000000     0.000026   0.000000     0.076985   0.000000   )
     freq (   22) =      18.561481 [THz] =     619.144364 [cm-1]
 (  0.000005   0.000000    -0.000060   0.000000     0.476346   0.000000   )
 ( -0.000054   0.000000    -0.000025   0.000000    -0.476346   0.000000   )
 ( -0.000005   0.000000     0.000055   0.000000     0.151969   0.000000   )
 (  0.000050   0.000000     0.000023   0.000000    -0.151969   0.000000   )
 (  0.000035   0.000000     0.000061   0.000000     0.000000   0.000000   )
 (  0.000014   0.000000     0.000024   0.000000    -0.000000   0.000000   )
 ( -0.000031   0.000000    -0.000053   0.000000     0.000000   0.000000   )
 ( -0.000014   0.000000    -0.000025   0.000000    -0.000000   0.000000   )
 (  0.000014   0.000000     0.000024   0.000000    -0.000000   0.000000   )
 (  0.000035   0.000000     0.000061   0.000000     0.000000   0.000000   )
 ( -0.000014   0.000000    -0.000025   0.000000    -0.000000   0.000000   )
 ( -0.000031   0.000000    -0.000053   0.000000     0.000000   0.000000   )
 ( -0.000054   0.000000    -0.000025   0.000000    -0.476346   0.000000   )
 (  0.000005   0.000000    -0.000060   0.000000     0.476346   0.000000   )
 (  0.000050   0.000000     0.000023   0.000000    -0.151969   0.000000   )
 ( -0.000005   0.000000     0.000055   0.000000     0.151969   0.000000   )
     freq (   23) =      18.561639 [THz] =     619.149631 [cm-1]
 (  0.000005   0.000000     0.000005   0.000000    -0.129296   0.000000   )
 ( -0.000002   0.000000    -0.000007   0.000000    -0.129297   0.000000   )
 ( -0.000000   0.000000     0.000002   0.000000    -0.041260   0.000000   )
 ( -0.000002   0.000000    -0.000001   0.000000    -0.041260   0.000000   )
 (  0.000024   0.000000    -0.000014   0.000000    -0.310543   0.000000   )
 ( -0.000016   0.000000     0.000009   0.000000     0.569111   0.000000   )
 ( -0.000026   0.000000     0.000015   0.000000    -0.099138   0.000000   )
 (  0.000020   0.000000    -0.000011   0.000000     0.181678   0.000000   )
 ( -0.000016   0.000000     0.000009   0.000000     0.569111   0.000000   )
 (  0.000024   0.000000    -0.000014   0.000000    -0.310543   0.000000   )
 (  0.000020   0.000000    -0.000011   0.000000     0.181678   0.000000   )
 ( -0.000026   0.000000     0.000015   0.000000    -0.099138   0.000000   )
 ( -0.000002   0.000000    -0.000007   0.000000    -0.129297   0.000000   )
 (  0.000005   0.000000     0.000005   0.000000    -0.129296   0.000000   )
 ( -0.000002   0.000000    -0.000001   0.000000    -0.041260   0.000000   )
 ( -0.000000   0.000000     0.000002   0.000000    -0.041260   0.000000   )
     freq (   24) =      18.562389 [THz] =     619.174658 [cm-1]
 ( -0.000017   0.000000    -0.000026   0.000000     0.311002   0.000000   )
 (  0.000014   0.000000     0.000027   0.000000     0.311002   0.000000   )
 (  0.000018   0.000000     0.000038   0.000000     0.099314   0.000000   )
 ( -0.000024   0.000000    -0.000035   0.000000     0.099314   0.000000   )
 ( -0.000052   0.000000     0.000030   0.000000    -0.493813   0.000000   )
 (  0.000053   0.000000    -0.000031   0.000000    -0.128157   0.000000   )
 (  0.000044   0.000000    -0.000026   0.000000    -0.157729   0.000000   )
 ( -0.000038   0.000000     0.000022   0.000000    -0.040926   0.000000   )
 (  0.000053   0.000000    -0.000031   0.000000    -0.128157   0.000000   )
 ( -0.000052   0.000000     0.000030   0.000000    -0.493813   0.000000   )
 ( -0.000038   0.000000     0.000022   0.000000    -0.040926   0.000000   )
 (  0.000044   0.000000    -0.000026   0.000000    -0.157729   0.000000   )
 (  0.000014   0.000000     0.000027   0.000000     0.311002   0.000000   )
 ( -0.000017   0.000000    -0.000026   0.000000     0.311002   0.000000   )
 ( -0.000024   0.000000    -0.000035   0.000000     0.099314   0.000000   )
 (  0.000018   0.000000     0.000038   0.000000     0.099314   0.000000   )
     freq (   25) =      21.825536 [THz] =     728.021508 [cm-1]
 (  0.000022   0.000000     0.000018   0.000000    -0.279887   0.000000   )
 ( -0.000005   0.000000    -0.000028   0.000000    -0.279887   0.000000   )
 (  0.000007   0.000000    -0.000028   0.000000     0.216033   0.000000   )
 (  0.000028   0.000000     0.000008   0.000000     0.216033   0.000000   )
 (  0.000068   0.000000    -0.000039   0.000000    -0.279909   0.000000   )
 ( -0.000105   0.000000     0.000060   0.000000    -0.279888   0.000000   )
 ( -0.000045   0.000000     0.000026   0.000000     0.216023   0.000000   )
 (  0.000025   0.000000    -0.000014   0.000000     0.215948   0.000000   )
 ( -0.000105   0.000000     0.000060   0.000000    -0.279888   0.000000   )
 (  0.000068   0.000000    -0.000039   0.000000    -0.279909   0.000000   )
 (  0.000025   0.000000    -0.000014   0.000000     0.215948   0.000000   )
 ( -0.000045   0.000000     0.000026   0.000000     0.216023   0.000000   )
 ( -0.000005   0.000000    -0.000028   0.000000    -0.279887   0.000000   )
 (  0.000022   0.000000     0.000018   0.000000    -0.279887   0.000000   )
 (  0.000028   0.000000     0.000008   0.000000     0.216033   0.000000   )
 (  0.000007   0.000000    -0.000028   0.000000     0.216033   0.000000   )
     freq (   26) =      23.798849 [THz] =     793.844141 [cm-1]
 (  0.000017   0.000000     0.000036   0.000000    -0.278307   0.000000   )
 (  0.000022   0.000000     0.000033   0.000000     0.278307   0.000000   )
 ( -0.000006   0.000000     0.000075   0.000000    -0.218048   0.000000   )
 (  0.000068   0.000000     0.000032   0.000000     0.218048   0.000000   )
 ( -0.000059   0.000000     0.000034   0.000000    -0.278256   0.000000   )
 ( -0.000006   0.000000     0.000003   0.000000     0.278283   0.000000   )
 (  0.000010   0.000000    -0.000006   0.000000    -0.218146   0.000000   )
 ( -0.000078   0.000000     0.000045   0.000000     0.218046   0.000000   )
 (  0.000006   0.000000    -0.000003   0.000000    -0.278283   0.000000   )
 (  0.000059   0.000000    -0.000034   0.000000     0.278256   0.000000   )
 (  0.000078   0.000000    -0.000045   0.000000    -0.218046   0.000000   )
 ( -0.000010   0.000000     0.000006   0.000000     0.218146   0.000000   )
 ( -0.000022   0.000000    -0.000033   0.000000    -0.278307   0.000000   )
 ( -0.000017   0.000000    -0.000036   0.000000     0.278307   0.000000   )
 ( -0.000068   0.000000    -0.000032   0.000000    -0.218048   0.000000   )
 (  0.000006   0.000000    -0.000075   0.000000     0.218048   0.000000   )
     freq (   27) =      34.689164 [THz] =    1157.105961 [cm-1]
 (  0.034064   0.000000     0.078512   0.000000     0.000002   0.000000   )
 ( -0.050959   0.000000    -0.068758   0.000000     0.000002   0.000000   )
 (  0.168495   0.000000     0.388151   0.000000    -0.000027   0.000000   )
 ( -0.251889   0.000000    -0.340004   0.000000    -0.000027   0.000000   )
 ( -0.033866   0.000000     0.019555   0.000000     0.000012   0.000000   )
 (  0.050739   0.000000    -0.029297   0.000000    -0.000030   0.000000   )
 ( -0.168331   0.000000     0.097201   0.000000     0.000040   0.000000   )
 (  0.251741   0.000000    -0.145358   0.000000     0.000025   0.000000   )
 (  0.050739   0.000000    -0.029297   0.000000    -0.000030   0.000000   )
 ( -0.033866   0.000000     0.019555   0.000000     0.000012   0.000000   )
 (  0.251741   0.000000    -0.145358   0.000000     0.000025   0.000000   )
 ( -0.168331   0.000000     0.097201   0.000000     0.000040   0.000000   )
 ( -0.050959   0.000000    -0.068758   0.000000     0.000002   0.000000   )
 (  0.034064   0.000000     0.078512   0.000000     0.000002   0.000000   )
 ( -0.251889   0.000000    -0.340004   0.000000    -0.000027   0.000000   )
 (  0.168495   0.000000     0.388151   0.000000    -0.000027   0.000000   )
     freq (   28) =      34.689843 [THz] =    1157.128617 [cm-1]
 ( -0.042585   0.000000     0.024801   0.000000    -0.000008   0.000000   )
 (  0.042750   0.000000    -0.024455   0.000000     0.000008   0.000000   )
 ( -0.211964   0.000000     0.122435   0.000000     0.000014   0.000000   )
 (  0.211910   0.000000    -0.122229   0.000000    -0.000014   0.000000   )
 (  0.043090   0.000000     0.074598   0.000000    -0.000000   0.000000   )
 ( -0.043116   0.000000    -0.074704   0.000000    -0.000000   0.000000   )
 (  0.212272   0.000000     0.367485   0.000000    -0.000000   0.000000   )
 ( -0.212324   0.000000    -0.367876   0.000000     0.000000   0.000000   )
 ( -0.043116   0.000000    -0.074704   0.000000    -0.000000   0.000000   )
 (  0.043090   0.000000     0.074598   0.000000    -0.000000   0.000000   )
 ( -0.212324   0.000000    -0.367876   0.000000     0.000000   0.000000   )
 (  0.212272   0.000000     0.367485   0.000000    -0.000000   0.000000   )
 (  0.042750   0.000000    -0.024455   0.000000     0.000008   0.000000   )
 ( -0.042585   0.000000     0.024801   0.000000    -0.000008   0.000000   )
 (  0.211910   0.000000    -0.122229   0.000000    -0.000014   0.000000   )
 ( -0.211964   0.000000     0.122435   0.000000     0.000014   0.000000   )
     freq (   29) =      34.690196 [THz] =    1157.140392 [cm-1]
 ( -0.066268   0.000000     0.024429   0.000000    -0.000027   0.000000   )
 ( -0.054309   0.000000     0.045186   0.000000    -0.000027   0.000000   )
 ( -0.326620   0.000000     0.120457   0.000000     0.000030   0.000000   )
 ( -0.267723   0.000000     0.222687   0.000000     0.000030   0.000000   )
 (  0.066241   0.000000    -0.038266   0.000000     0.000007   0.000000   )
 (  0.054402   0.000000    -0.031387   0.000000    -0.000017   0.000000   )
 (  0.326552   0.000000    -0.188644   0.000000    -0.000040   0.000000   )
 (  0.267739   0.000000    -0.154470   0.000000     0.000031   0.000000   )
 (  0.054402   0.000000    -0.031387   0.000000    -0.000017   0.000000   )
 (  0.066241   0.000000    -0.038266   0.000000     0.000007   0.000000   )
 (  0.267739   0.000000    -0.154470   0.000000     0.000031   0.000000   )
 (  0.326552   0.000000    -0.188644   0.000000    -0.000040   0.000000   )
 ( -0.054309   0.000000     0.045186   0.000000    -0.000027   0.000000   )
 ( -0.066268   0.000000     0.024429   0.000000    -0.000027   0.000000   )
 ( -0.267723   0.000000     0.222687   0.000000     0.000030   0.000000   )
 ( -0.326620   0.000000     0.120457   0.000000     0.000030   0.000000   )
     freq (   30) =      34.770671 [THz] =    1159.824737 [cm-1]
 (  0.026039   0.000000    -0.015054   0.000000     0.000284   0.000000   )
 (  0.026057   0.000000    -0.015022   0.000000     0.000284   0.000000   )
 ( -0.214483   0.000000     0.123829   0.000000    -0.000011   0.000000   )
 ( -0.214485   0.000000     0.123827   0.000000    -0.000011   0.000000   )
 ( -0.026557   0.000000    -0.045997   0.000000    -0.000000   0.000000   )
 ( -0.026565   0.000000    -0.046011   0.000000     0.000000   0.000000   )
 (  0.215037   0.000000     0.372451   0.000000    -0.000000   0.000000   )
 (  0.215010   0.000000     0.372403   0.000000     0.000000   0.000000   )
 (  0.026565   0.000000     0.046011   0.000000    -0.000000   0.000000   )
 (  0.026557   0.000000     0.045997   0.000000     0.000000   0.000000   )
 ( -0.215010   0.000000    -0.372403   0.000000    -0.000000   0.000000   )
 ( -0.215037   0.000000    -0.372451   0.000000     0.000000   0.000000   )
 ( -0.026057   0.000000     0.015022   0.000000    -0.000284   0.000000   )
 ( -0.026039   0.000000     0.015054   0.000000    -0.000284   0.000000   )
 (  0.214485   0.000000    -0.123827   0.000000     0.000011   0.000000   )
 (  0.214483   0.000000    -0.123829   0.000000     0.000011   0.000000   )
     freq (   31) =      34.773213 [THz] =    1159.909517 [cm-1]
 ( -0.018142   0.000000    -0.049185   0.000000     0.000146   0.000000   )
 ( -0.033525   0.000000    -0.040304   0.000000    -0.000146   0.000000   )
 (  0.145384   0.000000     0.401371   0.000000     0.000003   0.000000   )
 (  0.274902   0.000000     0.326594   0.000000    -0.000003   0.000000   )
 (  0.017495   0.000000    -0.010101   0.000000    -0.000095   0.000000   )
 (  0.032975   0.000000    -0.019039   0.000000    -0.000120   0.000000   )
 ( -0.144792   0.000000     0.083600   0.000000     0.000074   0.000000   )
 ( -0.274162   0.000000     0.158292   0.000000     0.000020   0.000000   )
 ( -0.032975   0.000000     0.019039   0.000000     0.000120   0.000000   )
 ( -0.017495   0.000000     0.010101   0.000000     0.000095   0.000000   )
 (  0.274162   0.000000    -0.158292   0.000000    -0.000020   0.000000   )
 (  0.144792   0.000000    -0.083600   0.000000    -0.000074   0.000000   )
 (  0.033525   0.000000     0.040304   0.000000     0.000146   0.000000   )
 (  0.018142   0.000000     0.049185   0.000000    -0.000146   0.000000   )
 ( -0.274902   0.000000    -0.326594   0.000000     0.000003   0.000000   )
 ( -0.145384   0.000000    -0.401371   0.000000    -0.000003   0.000000   )
     freq (   32) =      34.777177 [THz] =    1160.041755 [cm-1]
 (  0.041823   0.000000    -0.010877   0.000000    -0.000037   0.000000   )
 ( -0.030331   0.000000     0.030781   0.000000     0.000037   0.000000   )
 ( -0.342711   0.000000     0.092077   0.000000     0.000081   0.000000   )
 (  0.251097   0.000000    -0.250758   0.000000    -0.000081   0.000000   )
 ( -0.041442   0.000000     0.023927   0.000000     0.000194   0.000000   )
 (  0.030413   0.000000    -0.017559   0.000000    -0.000062   0.000000   )
 (  0.342635   0.000000    -0.197821   0.000000    -0.000106   0.000000   )
 ( -0.251523   0.000000     0.145217   0.000000    -0.000000   0.000000   )
 ( -0.030413   0.000000     0.017559   0.000000     0.000062   0.000000   )
 (  0.041442   0.000000    -0.023927   0.000000    -0.000194   0.000000   )
 (  0.251523   0.000000    -0.145217   0.000000     0.000000   0.000000   )
 ( -0.342635   0.000000     0.197821   0.000000     0.000106   0.000000   )
 (  0.030331   0.000000    -0.030781   0.000000    -0.000037   0.000000   )
 ( -0.041823   0.000000     0.010877   0.000000     0.000037   0.000000   )
 ( -0.251097   0.000000     0.250758   0.000000     0.000081   0.000000   )
 (  0.342711   0.000000    -0.092077   0.000000    -0.000081   0.000000   )
     freq (   33) =      37.902587 [THz] =    1264.294216 [cm-1]
 (  0.162421   0.000000     0.222912   0.000000     0.000033   0.000000   )
 ( -0.111837   0.000000    -0.252118   0.000000     0.000033   0.000000   )
 ( -0.130982   0.000000    -0.179593   0.000000     0.000019   0.000000   )
 (  0.090041   0.000000     0.203231   0.000000     0.000019   0.000000   )
 ( -0.128585   0.000000    -0.222713   0.000000     0.000000   0.000000   )
 (  0.145609   0.000000     0.252205   0.000000     0.000000   0.000000   )
 (  0.103742   0.000000     0.179685   0.000000    -0.000000   0.000000   )
 ( -0.117307   0.000000    -0.203184   0.000000     0.000000   0.000000   )
 ( -0.145609   0.000000    -0.252205   0.000000    -0.000000   0.000000   )
 (  0.128585   0.000000     0.222713   0.000000    -0.000000   0.000000   )
 (  0.117307   0.000000     0.203184   0.000000    -0.000000   0.000000   )
 ( -0.103742   0.000000    -0.179685   0.000000     0.000000   0.000000   )
 (  0.111837   0.000000     0.252118   0.000000    -0.000033   0.000000   )
 ( -0.162421   0.000000    -0.222912   0.000000    -0.000033   0.000000   )
 ( -0.090041   0.000000    -0.203231   0.000000    -0.000019   0.000000   )
 (  0.130982   0.000000     0.179593   0.000000    -0.000019   0.000000   )
     freq (   34) =      37.906775 [THz] =    1264.433923 [cm-1]
 (  0.278788   0.000000    -0.188468   0.000000     0.000023   0.000000   )
 (  0.302620   0.000000    -0.147190   0.000000     0.000023   0.000000   )
 ( -0.225069   0.000000     0.152255   0.000000     0.000004   0.000000   )
 ( -0.244398   0.000000     0.118778   0.000000     0.000004   0.000000   )
 (  0.109131   0.000000     0.188994   0.000000     0.000000   0.000000   )
 (  0.085144   0.000000     0.147447   0.000000     0.000000   0.000000   )
 ( -0.087459   0.000000    -0.151462   0.000000     0.000000   0.000000   )
 ( -0.068254   0.000000    -0.118197   0.000000     0.000000   0.000000   )
 ( -0.085144   0.000000    -0.147447   0.000000    -0.000000   0.000000   )
 ( -0.109131   0.000000    -0.188994   0.000000    -0.000000   0.000000   )
 (  0.068254   0.000000     0.118197   0.000000    -0.000000   0.000000   )
 (  0.087459   0.000000     0.151462   0.000000    -0.000000   0.000000   )
 ( -0.302620   0.000000     0.147190   0.000000    -0.000023   0.000000   )
 ( -0.278788   0.000000     0.188468   0.000000    -0.000023   0.000000   )
 (  0.244398   0.000000    -0.118778   0.000000    -0.000004   0.000000   )
 (  0.225069   0.000000    -0.152255   0.000000    -0.000004   0.000000   )
     freq (   35) =      37.908171 [THz] =    1264.480461 [cm-1]
 ( -0.097014   0.000000    -0.168335   0.000000     0.000012   0.000000   )
 ( -0.097250   0.000000    -0.168195   0.000000    -0.000012   0.000000   )
 (  0.078007   0.000000     0.135322   0.000000    -0.000000   0.000000   )
 (  0.078169   0.000000     0.135225   0.000000     0.000000   0.000000   )
 ( -0.292329   0.000000     0.168787   0.000000    -0.000003   0.000000   )
 ( -0.291981   0.000000     0.168582   0.000000    -0.000003   0.000000   )
 (  0.235699   0.000000    -0.136090   0.000000    -0.000005   0.000000   )
 (  0.235612   0.000000    -0.136036   0.000000    -0.000008   0.000000   )
 (  0.291981   0.000000    -0.168582   0.000000     0.000003   0.000000   )
 (  0.292329   0.000000    -0.168787   0.000000     0.000003   0.000000   )
 ( -0.235612   0.000000     0.136036   0.000000     0.000008   0.000000   )
 ( -0.235699   0.000000     0.136090   0.000000     0.000005   0.000000   )
 (  0.097250   0.000000     0.168195   0.000000     0.000012   0.000000   )
 (  0.097014   0.000000     0.168335   0.000000    -0.000012   0.000000   )
 ( -0.078169   0.000000    -0.135225   0.000000    -0.000000   0.000000   )
 ( -0.078007   0.000000    -0.135322   0.000000     0.000000   0.000000   )
     freq (   36) =      37.952736 [THz] =    1265.967007 [cm-1]
 (  0.052683   0.000000     0.274748   0.000000     0.000011   0.000000   )
 (  0.211601   0.000000     0.183005   0.000000    -0.000011   0.000000   )
 (  0.042608   0.000000     0.222579   0.000000    -0.000020   0.000000   )
 (  0.171458   0.000000     0.148194   0.000000     0.000020   0.000000   )
 ( -0.158836   0.000000    -0.275100   0.000000     0.000000   0.000000   )
 ( -0.105554   0.000000    -0.182837   0.000000     0.000000   0.000000   )
 ( -0.128493   0.000000    -0.222546   0.000000    -0.000000   0.000000   )
 ( -0.085492   0.000000    -0.148087   0.000000     0.000000   0.000000   )
 ( -0.105554   0.000000    -0.182837   0.000000     0.000000   0.000000   )
 ( -0.158836   0.000000    -0.275100   0.000000     0.000000   0.000000   )
 ( -0.085492   0.000000    -0.148087   0.000000     0.000000   0.000000   )
 ( -0.128493   0.000000    -0.222546   0.000000    -0.000000   0.000000   )
 (  0.211601   0.000000     0.183005   0.000000    -0.000011   0.000000   )
 (  0.052683   0.000000     0.274748   0.000000     0.000011   0.000000   )
 (  0.171458   0.000000     0.148194   0.000000     0.000020   0.000000   )
 (  0.042608   0.000000     0.222579   0.000000    -0.000020   0.000000   )
     freq (   37) =      37.955691 [THz] =    1266.065563 [cm-1]
 ( -0.097246   0.000000    -0.168582   0.000000    -0.000023   0.000000   )
 (  0.097349   0.000000     0.168518   0.000000    -0.000023   0.000000   )
 ( -0.078519   0.000000    -0.136039   0.000000     0.000018   0.000000   )
 (  0.078534   0.000000     0.136026   0.000000     0.000018   0.000000   )
 ( -0.291312   0.000000     0.168200   0.000000    -0.000020   0.000000   )
 (  0.291225   0.000000    -0.168145   0.000000    -0.000016   0.000000   )
 ( -0.236125   0.000000     0.136336   0.000000     0.000019   0.000000   )
 (  0.236097   0.000000    -0.136316   0.000000     0.000007   0.000000   )
 (  0.291225   0.000000    -0.168145   0.000000    -0.000016   0.000000   )
 ( -0.291312   0.000000     0.168200   0.000000    -0.000020   0.000000   )
 (  0.236097   0.000000    -0.136316   0.000000     0.000007   0.000000   )
 ( -0.236125   0.000000     0.136336   0.000000     0.000019   0.000000   )
 (  0.097349   0.000000     0.168518   0.000000    -0.000023   0.000000   )
 ( -0.097246   0.000000    -0.168582   0.000000    -0.000023   0.000000   )
 (  0.078534   0.000000     0.136026   0.000000     0.000018   0.000000   )
 ( -0.078519   0.000000    -0.136039   0.000000     0.000018   0.000000   )
     freq (   38) =      37.956203 [THz] =    1266.082635 [cm-1]
 ( -0.317609   0.000000     0.096827   0.000000    -0.000007   0.000000   )
 (  0.242666   0.000000    -0.226632   0.000000     0.000007   0.000000   )
 ( -0.257691   0.000000     0.078554   0.000000     0.000021   0.000000   )
 (  0.196881   0.000000    -0.183881   0.000000    -0.000021   0.000000   )
 ( -0.056137   0.000000    -0.097208   0.000000    -0.000000   0.000000   )
 (  0.131259   0.000000     0.227324   0.000000     0.000000   0.000000   )
 ( -0.045073   0.000000    -0.078050   0.000000     0.000000   0.000000   )
 (  0.105745   0.000000     0.183137   0.000000    -0.000000   0.000000   )
 (  0.131259   0.000000     0.227324   0.000000     0.000000   0.000000   )
 ( -0.056137   0.000000    -0.097208   0.000000    -0.000000   0.000000   )
 (  0.105745   0.000000     0.183137   0.000000    -0.000000   0.000000   )
 ( -0.045073   0.000000    -0.078050   0.000000     0.000000   0.000000   )
 (  0.242666   0.000000    -0.226632   0.000000     0.000007   0.000000   )
 ( -0.317609   0.000000     0.096827   0.000000    -0.000007   0.000000   )
 (  0.196881   0.000000    -0.183881   0.000000    -0.000021   0.000000   )
 ( -0.257691   0.000000     0.078554   0.000000     0.000021   0.000000   )
     freq (   39) =      38.871911 [THz] =    1296.627390 [cm-1]
 ( -0.239355   0.000000     0.265827   0.000000    -0.000002   0.000000   )
 (  0.349893   0.000000    -0.074376   0.000000     0.000002   0.000000   )
 ( -0.022311   0.000000     0.024835   0.000000     0.000011   0.000000   )
 (  0.032664   0.000000    -0.006904   0.000000    -0.000011   0.000000   )
 (  0.239341   0.000000    -0.138187   0.000000     0.000049   0.000000   )
 ( -0.350057   0.000000     0.202102   0.000000    -0.000034   0.000000   )
 (  0.022459   0.000000    -0.012967   0.000000    -0.000069   0.000000   )
 ( -0.032649   0.000000     0.018850   0.000000     0.000016   0.000000   )
 (  0.350057   0.000000    -0.202102   0.000000     0.000034   0.000000   )
 ( -0.239341   0.000000     0.138187   0.000000    -0.000049   0.000000   )
 (  0.032649   0.000000    -0.018850   0.000000    -0.000016   0.000000   )
 ( -0.022459   0.000000     0.012967   0.000000     0.000069   0.000000   )
 ( -0.349893   0.000000     0.074376   0.000000    -0.000002   0.000000   )
 (  0.239355   0.000000    -0.265827   0.000000     0.000002   0.000000   )
 ( -0.032664   0.000000     0.006904   0.000000     0.000011   0.000000   )
 (  0.022311   0.000000    -0.024835   0.000000    -0.000011   0.000000   )
     freq (   40) =      38.881333 [THz] =    1296.941651 [cm-1]
 ( -0.286514   0.000000    -0.315891   0.000000    -0.000077   0.000000   )
 ( -0.130314   0.000000    -0.406073   0.000000     0.000077   0.000000   )
 ( -0.026987   0.000000    -0.029824   0.000000     0.000003   0.000000   )
 ( -0.012335   0.000000    -0.038283   0.000000    -0.000003   0.000000   )
 (  0.286362   0.000000    -0.165329   0.000000     0.000018   0.000000   )
 (  0.129839   0.000000    -0.074961   0.000000    -0.000003   0.000000   )
 (  0.027298   0.000000    -0.015760   0.000000    -0.000065   0.000000   )
 (  0.012332   0.000000    -0.007120   0.000000     0.000032   0.000000   )
 ( -0.129839   0.000000     0.074961   0.000000     0.000003   0.000000   )
 ( -0.286362   0.000000     0.165329   0.000000    -0.000018   0.000000   )
 ( -0.012332   0.000000     0.007120   0.000000    -0.000032   0.000000   )
 ( -0.027298   0.000000     0.015760   0.000000     0.000065   0.000000   )
 (  0.130314   0.000000     0.406073   0.000000    -0.000077   0.000000   )
 (  0.286514   0.000000     0.315891   0.000000     0.000077   0.000000   )
 (  0.012335   0.000000     0.038283   0.000000     0.000003   0.000000   )
 (  0.026987   0.000000     0.029824   0.000000    -0.000003   0.000000   )
     freq (   41) =      38.888293 [THz] =    1297.173818 [cm-1]
 (  0.215807   0.000000    -0.124488   0.000000    -0.000128   0.000000   )
 (  0.215708   0.000000    -0.124652   0.000000    -0.000128   0.000000   )
 (  0.020216   0.000000    -0.011694   0.000000     0.000024   0.000000   )
 (  0.020235   0.000000    -0.011661   0.000000     0.000024   0.000000   )
 ( -0.215473   0.000000    -0.373209   0.000000     0.000000   0.000000   )
 ( -0.215451   0.000000    -0.373179   0.000000     0.000000   0.000000   )
 ( -0.020508   0.000000    -0.035521   0.000000     0.000000   0.000000   )
 ( -0.020570   0.000000    -0.035629   0.000000     0.000000   0.000000   )
 (  0.215451   0.000000     0.373179   0.000000    -0.000000   0.000000   )
 (  0.215473   0.000000     0.373209   0.000000    -0.000000   0.000000   )
 (  0.020570   0.000000     0.035629   0.000000    -0.000000   0.000000   )
 (  0.020508   0.000000     0.035521   0.000000    -0.000000   0.000000   )
 ( -0.215708   0.000000     0.124652   0.000000     0.000128   0.000000   )
 ( -0.215807   0.000000     0.124488   0.000000     0.000128   0.000000   )
 ( -0.020235   0.000000     0.011661   0.000000    -0.000024   0.000000   )
 ( -0.020216   0.000000     0.011694   0.000000    -0.000024   0.000000   )
     freq (   42) =      39.254811 [THz] =    1309.399551 [cm-1]
 (  0.277455   0.000000     0.320533   0.000000    -0.000014   0.000000   )
 ( -0.138855   0.000000    -0.400553   0.000000    -0.000014   0.000000   )
 ( -0.043396   0.000000    -0.050065   0.000000     0.000008   0.000000   )
 (  0.021658   0.000000     0.062615   0.000000     0.000008   0.000000   )
 ( -0.277750   0.000000     0.160367   0.000000    -0.000018   0.000000   )
 (  0.139137   0.000000    -0.080339   0.000000     0.000002   0.000000   )
 (  0.043182   0.000000    -0.024932   0.000000     0.000014   0.000000   )
 ( -0.021434   0.000000     0.012376   0.000000     0.000004   0.000000   )
 (  0.139137   0.000000    -0.080339   0.000000     0.000002   0.000000   )
 ( -0.277750   0.000000     0.160367   0.000000    -0.000018   0.000000   )
 ( -0.021434   0.000000     0.012376   0.000000     0.000004   0.000000   )
 (  0.043182   0.000000    -0.024932   0.000000     0.000014   0.000000   )
 ( -0.138855   0.000000    -0.400553   0.000000    -0.000014   0.000000   )
 (  0.277455   0.000000     0.320533   0.000000    -0.000014   0.000000   )
 (  0.021658   0.000000     0.062615   0.000000     0.000008   0.000000   )
 ( -0.043396   0.000000    -0.050065   0.000000     0.000008   0.000000   )
     freq (   43) =      39.256845 [THz] =    1309.467410 [cm-1]
 ( -0.214233   0.000000     0.123667   0.000000    -0.000007   0.000000   )
 (  0.214271   0.000000    -0.123697   0.000000     0.000007   0.000000   )
 (  0.033148   0.000000    -0.019080   0.000000     0.000014   0.000000   )
 ( -0.033106   0.000000     0.019167   0.000000    -0.000014   0.000000   )
 (  0.213740   0.000000     0.370240   0.000000     0.000000   0.000000   )
 ( -0.213864   0.000000    -0.370358   0.000000     0.000000   0.000000   )
 ( -0.033543   0.000000    -0.058102   0.000000    -0.000000   0.000000   )
 (  0.033567   0.000000     0.058129   0.000000    -0.000000   0.000000   )
 ( -0.213864   0.000000    -0.370358   0.000000     0.000000   0.000000   )
 (  0.213740   0.000000     0.370240   0.000000     0.000000   0.000000   )
 (  0.033567   0.000000     0.058129   0.000000    -0.000000   0.000000   )
 ( -0.033543   0.000000    -0.058102   0.000000    -0.000000   0.000000   )
 (  0.214271   0.000000    -0.123697   0.000000     0.000007   0.000000   )
 ( -0.214233   0.000000     0.123667   0.000000    -0.000007   0.000000   )
 ( -0.033106   0.000000     0.019167   0.000000    -0.000014   0.000000   )
 (  0.033148   0.000000    -0.019080   0.000000     0.000014   0.000000   )
     freq (   44) =      39.257164 [THz] =    1309.478032 [cm-1]
 (  0.245448   0.000000    -0.254840   0.000000     0.000008   0.000000   )
 (  0.343389   0.000000    -0.085126   0.000000     0.000008   0.000000   )
 ( -0.038431   0.000000     0.039869   0.000000     0.000001   0.000000   )
 ( -0.053738   0.000000     0.013345   0.000000     0.000001   0.000000   )
 ( -0.245393   0.000000     0.141641   0.000000     0.000020   0.000000   )
 ( -0.343577   0.000000     0.198402   0.000000     0.000010   0.000000   )
 (  0.038577   0.000000    -0.022267   0.000000    -0.000032   0.000000   )
 (  0.053695   0.000000    -0.031007   0.000000    -0.000005   0.000000   )
 ( -0.343577   0.000000     0.198402   0.000000     0.000010   0.000000   )
 ( -0.245393   0.000000     0.141641   0.000000     0.000020   0.000000   )
 (  0.053695   0.000000    -0.031007   0.000000    -0.000005   0.000000   )
 (  0.038577   0.000000    -0.022267   0.000000    -0.000032   0.000000   )
 (  0.343389   0.000000    -0.085126   0.000000     0.000008   0.000000   )
 (  0.245448   0.000000    -0.254840   0.000000     0.000008   0.000000   )
 ( -0.053738   0.000000     0.013345   0.000000     0.000001   0.000000   )
 ( -0.038431   0.000000     0.039869   0.000000     0.000001   0.000000   )
     freq (   45) =      40.902158 [THz] =    1364.349135 [cm-1]
 ( -0.140034   0.000000    -0.242434   0.000000    -0.000010   0.000000   )
 ( -0.139930   0.000000    -0.242494   0.000000     0.000010   0.000000   )
 (  0.107868   0.000000     0.187085   0.000000     0.000023   0.000000   )
 (  0.108081   0.000000     0.186962   0.000000    -0.000023   0.000000   )
 ( -0.139957   0.000000    -0.242421   0.000000     0.000000   0.000000   )
 ( -0.139851   0.000000    -0.242236   0.000000     0.000000   0.000000   )
 (  0.108062   0.000000     0.187175   0.000000    -0.000000   0.000000   )
 (  0.107997   0.000000     0.187062   0.000000    -0.000000   0.000000   )
 ( -0.139851   0.000000    -0.242236   0.000000     0.000000   0.000000   )
 ( -0.139957   0.000000    -0.242421   0.000000     0.000000   0.000000   )
 (  0.107997   0.000000     0.187062   0.000000    -0.000000   0.000000   )
 (  0.108062   0.000000     0.187175   0.000000    -0.000000   0.000000   )
 ( -0.139930   0.000000    -0.242494   0.000000     0.000010   0.000000   )
 ( -0.140034   0.000000    -0.242434   0.000000    -0.000010   0.000000   )
 (  0.108081   0.000000     0.186962   0.000000    -0.000023   0.000000   )
 (  0.107868   0.000000     0.187085   0.000000     0.000023   0.000000   )
     freq (   46) =      40.904549 [THz] =    1364.428892 [cm-1]
 (  0.242445   0.000000    -0.139973   0.000000    -0.000007   0.000000   )
 (  0.242446   0.000000    -0.139970   0.000000    -0.000007   0.000000   )
 ( -0.187054   0.000000     0.108009   0.000000     0.000013   0.000000   )
 ( -0.187069   0.000000     0.107984   0.000000     0.000013   0.000000   )
 (  0.242358   0.000000    -0.139921   0.000000    -0.000007   0.000000   )
 (  0.242337   0.000000    -0.139909   0.000000    -0.000001   0.000000   )
 ( -0.187085   0.000000     0.108010   0.000000     0.000018   0.000000   )
 ( -0.187076   0.000000     0.108005   0.000000    -0.000027   0.000000   )
 (  0.242337   0.000000    -0.139909   0.000000    -0.000001   0.000000   )
 (  0.242358   0.000000    -0.139921   0.000000    -0.000007   0.000000   )
 ( -0.187076   0.000000     0.108005   0.000000    -0.000027   0.000000   )
 ( -0.187085   0.000000     0.108010   0.000000     0.000018   0.000000   )
 (  0.242446   0.000000    -0.139970   0.000000    -0.000007   0.000000   )
 (  0.242445   0.000000    -0.139973   0.000000    -0.000007   0.000000   )
 ( -0.187069   0.000000     0.107984   0.000000     0.000013   0.000000   )
 ( -0.187054   0.000000     0.108009   0.000000     0.000013   0.000000   )
     freq (   47) =      40.911308 [THz] =    1364.654340 [cm-1]
 (  0.139738   0.000000     0.242309   0.000000    -0.000002   0.000000   )
 ( -0.139963   0.000000    -0.242180   0.000000    -0.000002   0.000000   )
 (  0.108183   0.000000     0.187232   0.000000     0.000001   0.000000   )
 ( -0.108045   0.000000    -0.187312   0.000000     0.000001   0.000000   )
 (  0.139866   0.000000     0.242272   0.000000     0.000000   0.000000   )
 ( -0.139863   0.000000    -0.242266   0.000000     0.000000   0.000000   )
 (  0.108117   0.000000     0.187278   0.000000    -0.000000   0.000000   )
 ( -0.108074   0.000000    -0.187202   0.000000    -0.000000   0.000000   )
 (  0.139863   0.000000     0.242266   0.000000    -0.000000   0.000000   )
 ( -0.139866   0.000000    -0.242272   0.000000    -0.000000   0.000000   )
 (  0.108074   0.000000     0.187202   0.000000     0.000000   0.000000   )
 ( -0.108117   0.000000    -0.187278   0.000000     0.000000   0.000000   )
 (  0.139963   0.000000     0.242180   0.000000     0.000002   0.000000   )
 ( -0.139738   0.000000    -0.242309   0.000000     0.000002   0.000000   )
 (  0.108045   0.000000     0.187312   0.000000    -0.000001   0.000000   )
 ( -0.108183   0.000000    -0.187232   0.000000    -0.000001   0.000000   )
     freq (   48) =      40.915464 [THz] =    1364.792986 [cm-1]
 ( -0.242404   0.000000     0.139801   0.000000    -0.000007   0.000000   )
 (  0.242281   0.000000    -0.140013   0.000000     0.000007   0.000000   )
 ( -0.187396   0.000000     0.108053   0.000000     0.000021   0.000000   )
 (  0.187281   0.000000    -0.108252   0.000000    -0.000021   0.000000   )
 ( -0.242094   0.000000     0.139763   0.000000    -0.000013   0.000000   )
 (  0.242290   0.000000    -0.139877   0.000000     0.000012   0.000000   )
 ( -0.187127   0.000000     0.108031   0.000000     0.000021   0.000000   )
 (  0.187164   0.000000    -0.108052   0.000000    -0.000026   0.000000   )
 ( -0.242290   0.000000     0.139877   0.000000    -0.000012   0.000000   )
 (  0.242094   0.000000    -0.139763   0.000000     0.000013   0.000000   )
 ( -0.187164   0.000000     0.108052   0.000000     0.000026   0.000000   )
 (  0.187127   0.000000    -0.108031   0.000000    -0.000021   0.000000   )
 ( -0.242281   0.000000     0.140013   0.000000    -0.000007   0.000000   )
 (  0.242404   0.000000    -0.139801   0.000000     0.000007   0.000000   )
 ( -0.187281   0.000000     0.108252   0.000000     0.000021   0.000000   )
 (  0.187396   0.000000    -0.108053   0.000000    -0.000021   0.000000   )
 **************************************************************************
