     diagonalizing the dynamical matrix ...

 q =       0.0000      0.0000      0.0000
 **************************************************************************
     freq (    1) =      -0.000001 [THz] =      -0.000028 [cm-1]
 ( -0.007734   0.000000     0.000586   0.000000     0.249880   0.000000   )
 ( -0.007734   0.000000     0.000586   0.000000     0.249880   0.000000   )
 ( -0.007734   0.000000     0.000586   0.000000     0.249880   0.000000   )
 ( -0.007734   0.000000     0.000586   0.000000     0.249880   0.000000   )
 ( -0.007734   0.000000     0.000586   0.000000     0.249880   0.000000   )
 ( -0.007734   0.000000     0.000586   0.000000     0.249880   0.000000   )
 ( -0.007734   0.000000     0.000586   0.000000     0.249880   0.000000   )
 ( -0.007734   0.000000     0.000586   0.000000     0.249880   0.000000   )
 ( -0.007734   0.000000     0.000586   0.000000     0.249880   0.000000   )
 ( -0.007734   0.000000     0.000586   0.000000     0.249880   0.000000   )
 ( -0.007734   0.000000     0.000586   0.000000     0.249880   0.000000   )
 ( -0.007734   0.000000     0.000586   0.000000     0.249880   0.000000   )
 ( -0.007734   0.000000     0.000586   0.000000     0.249880   0.000000   )
 ( -0.007734   0.000000     0.000586   0.000000     0.249880   0.000000   )
 ( -0.007734   0.000000     0.000586   0.000000     0.249880   0.000000   )
 ( -0.007734   0.000000     0.000586   0.000000     0.249880   0.000000   )
     freq (    2) =      -0.000000 [THz] =      -0.000011 [cm-1]
 ( -0.237328   0.000000    -0.078257   0.000000    -0.007161   0.000000   )
 ( -0.237328   0.000000    -0.078257   0.000000    -0.007161   0.000000   )
 ( -0.237328   0.000000    -0.078257   0.000000    -0.007161   0.000000   )
 ( -0.237328   0.000000    -0.078257   0.000000    -0.007161   0.000000   )
 ( -0.237328   0.000000    -0.078257   0.000000    -0.007161   0.000000   )
 ( -0.237328   0.000000    -0.078257   0.000000    -0.007161   0.000000   )
 ( -0.237328   0.000000    -0.078257   0.000000    -0.007161   0.000000   )
 ( -0.237328   0.000000    -0.078257   0.000000    -0.007161   0.000000   )
 ( -0.237328   0.000000    -0.078257   0.000000    -0.007161   0.000000   )
 ( -0.237328   0.000000    -0.078257   0.000000    -0.007161   0.000000   )
 ( -0.237328   0.000000    -0.078257   0.000000    -0.007161   0.000000   )
 ( -0.237328   0.000000    -0.078257   0.000000    -0.007161   0.000000   )
 ( -0.237328   0.000000    -0.078257   0.000000    -0.007161   0.000000   )
 ( -0.237328   0.000000    -0.078257   0.000000    -0.007161   0.000000   )
 ( -0.237328   0.000000    -0.078257   0.000000    -0.007161   0.000000   )
 ( -0.237328   0.000000    -0.078257   0.000000    -0.007161   0.000000   )
     freq (    3) =       0.000000 [THz] =       0.000015 [cm-1]
 ( -0.078203   0.000000     0.237435   0.000000    -0.002977   0.000000   )
 ( -0.078203   0.000000     0.237435   0.000000    -0.002977   0.000000   )
 ( -0.078203   0.000000     0.237435   0.000000    -0.002977   0.000000   )
 ( -0.078203   0.000000     0.237435   0.000000    -0.002977   0.000000   )
 ( -0.078203   0.000000     0.237435   0.000000    -0.002977   0.000000   )
 ( -0.078203   0.000000     0.237435   0.000000    -0.002977   0.000000   )
 ( -0.078203   0.000000     0.237435   0.000000    -0.002977   0.000000   )
 ( -0.078203   0.000000     0.237435   0.000000    -0.002977   0.000000   )
 ( -0.078203   0.000000     0.237435   0.000000    -0.002977   0.000000   )
 ( -0.078203   0.000000     0.237435   0.000000    -0.002977   0.000000   )
 ( -0.078203   0.000000     0.237435   0.000000    -0.002977   0.000000   )
 ( -0.078203   0.000000     0.237435   0.000000    -0.002977   0.000000   )
 ( -0.078203   0.000000     0.237435   0.000000    -0.002977   0.000000   )
 ( -0.078203   0.000000     0.237435   0.000000    -0.002977   0.000000   )
 ( -0.078203   0.000000     0.237435   0.000000    -0.002977   0.000000   )
 ( -0.078203   0.000000     0.237435   0.000000    -0.002977   0.000000   )
     freq (    4) =      14.188519 [THz] =     473.278037 [cm-1]
 (  0.121357   0.000000     0.209727   0.000000    -0.000015   0.000000   )
 ( -0.128332   0.000000    -0.223054   0.000000    -0.000008   0.000000   )
 ( -0.120879   0.000000    -0.210008   0.000000    -0.000035   0.000000   )
 (  0.128851   0.000000     0.222762   0.000000     0.000002   0.000000   )
 (  0.119998   0.000000     0.207947   0.000000     0.000000   0.000000   )
 ( -0.129773   0.000000    -0.224887   0.000000     0.000000   0.000000   )
 ( -0.119880   0.000000    -0.207743   0.000000    -0.000000   0.000000   )
 (  0.129884   0.000000     0.225078   0.000000    -0.000000   0.000000   )
 (  0.119912   0.000000     0.207798   0.000000     0.000000   0.000000   )
 ( -0.129869   0.000000    -0.225051   0.000000    -0.000000   0.000000   )
 ( -0.120026   0.000000    -0.207996   0.000000    -0.000000   0.000000   )
 (  0.129752   0.000000     0.224850   0.000000     0.000000   0.000000   )
 (  0.120859   0.000000     0.210014   0.000000     0.000015   0.000000   )
 ( -0.128907   0.000000    -0.222722   0.000000     0.000008   0.000000   )
 ( -0.121342   0.000000    -0.209741   0.000000     0.000035   0.000000   )
 (  0.128394   0.000000     0.223025   0.000000    -0.000002   0.000000   )
     freq (    5) =      14.188577 [THz] =     473.279970 [cm-1]
 ( -0.208843   0.000000     0.120440   0.000000    -0.000003   0.000000   )
 (  0.224009   0.000000    -0.129298   0.000000    -0.000005   0.000000   )
 (  0.208806   0.000000    -0.120551   0.000000    -0.000006   0.000000   )
 ( -0.223993   0.000000     0.129218   0.000000     0.000039   0.000000   )
 ( -0.209172   0.000000     0.120705   0.000000     0.000033   0.000000   )
 (  0.223604   0.000000    -0.129032   0.000000     0.000100   0.000000   )
 (  0.208691   0.000000    -0.120428   0.000000     0.000033   0.000000   )
 ( -0.224194   0.000000     0.129373   0.000000    -0.000072   0.000000   )
 ( -0.208674   0.000000     0.120418   0.000000     0.000016   0.000000   )
 (  0.224075   0.000000    -0.129304   0.000000    -0.000107   0.000000   )
 (  0.209148   0.000000    -0.120691   0.000000    -0.000046   0.000000   )
 ( -0.223602   0.000000     0.129032   0.000000    -0.000002   0.000000   )
 ( -0.208778   0.000000     0.120552   0.000000    -0.000003   0.000000   )
 (  0.224036   0.000000    -0.129252   0.000000    -0.000005   0.000000   )
 (  0.208856   0.000000    -0.120464   0.000000    -0.000006   0.000000   )
 ( -0.223959   0.000000     0.129278   0.000000     0.000039   0.000000   )
     freq (    6) =      14.366929 [THz] =     479.229161 [cm-1]
 ( -0.270202   0.000000    -0.046864   0.000000    -0.000009   0.000000   )
 ( -0.278723   0.000000    -0.049895   0.000000     0.000049   0.000000   )
 ( -0.094428   0.000000     0.257580   0.000000    -0.000006   0.000000   )
 ( -0.096070   0.000000     0.266486   0.000000    -0.000066   0.000000   )
 (  0.028211   0.000000     0.048566   0.000000    -0.000000   0.000000   )
 (  0.028021   0.000000     0.048229   0.000000     0.000000   0.000000   )
 ( -0.149474   0.000000    -0.259194   0.000000    -0.000000   0.000000   )
 ( -0.152607   0.000000    -0.264629   0.000000    -0.000000   0.000000   )
 (  0.149481   0.000000     0.259205   0.000000     0.000000   0.000000   )
 (  0.152604   0.000000     0.264624   0.000000    -0.000000   0.000000   )
 ( -0.028227   0.000000    -0.048593   0.000000     0.000000   0.000000   )
 ( -0.028011   0.000000    -0.048211   0.000000     0.000000   0.000000   )
 (  0.094430   0.000000    -0.257583   0.000000     0.000009   0.000000   )
 (  0.096063   0.000000    -0.266482   0.000000    -0.000049   0.000000   )
 (  0.270199   0.000000     0.046864   0.000000     0.000006   0.000000   )
 (  0.278730   0.000000     0.049891   0.000000     0.000066   0.000000   )
     freq (    7) =      14.367045 [THz] =     479.233025 [cm-1]
 (  0.087363   0.000000     0.150812   0.000000    -0.000034   0.000000   )
 (  0.090189   0.000000     0.154835   0.000000     0.000022   0.000000   )
 (  0.087700   0.000000     0.150923   0.000000     0.000012   0.000000   )
 (  0.089813   0.000000     0.155390   0.000000     0.000036   0.000000   )
 (  0.261416   0.000000    -0.150531   0.000000    -0.000035   0.000000   )
 (  0.268938   0.000000    -0.154863   0.000000     0.000089   0.000000   )
 (  0.261721   0.000000    -0.151003   0.000000     0.000006   0.000000   )
 (  0.268689   0.000000    -0.155023   0.000000    -0.000186   0.000000   )
 ( -0.261744   0.000000     0.151016   0.000000     0.000048   0.000000   )
 ( -0.268638   0.000000     0.154994   0.000000    -0.000103   0.000000   )
 ( -0.261407   0.000000     0.150526   0.000000     0.000015   0.000000   )
 ( -0.268977   0.000000     0.154886   0.000000     0.000091   0.000000   )
 ( -0.087701   0.000000    -0.150912   0.000000    -0.000034   0.000000   )
 ( -0.089795   0.000000    -0.155367   0.000000     0.000022   0.000000   )
 ( -0.087373   0.000000    -0.150816   0.000000     0.000012   0.000000   )
 ( -0.090199   0.000000    -0.154863   0.000000     0.000036   0.000000   )
     freq (    8) =      14.367077 [THz] =     479.234114 [cm-1]
 ( -0.101732   0.000000     0.256740   0.000000    -0.000006   0.000000   )
 ( -0.103910   0.000000     0.265058   0.000000    -0.000004   0.000000   )
 ( -0.272995   0.000000    -0.039912   0.000000    -0.000035   0.000000   )
 ( -0.281242   0.000000    -0.042161   0.000000    -0.000064   0.000000   )
 ( -0.148421   0.000000    -0.257827   0.000000    -0.000000   0.000000   )
 ( -0.151830   0.000000    -0.263753   0.000000     0.000000   0.000000   )
 (  0.024123   0.000000     0.041026   0.000000     0.000000   0.000000   )
 (  0.024122   0.000000     0.041006   0.000000    -0.000000   0.000000   )
 ( -0.024127   0.000000    -0.041034   0.000000     0.000000   0.000000   )
 ( -0.024166   0.000000    -0.041081   0.000000    -0.000000   0.000000   )
 (  0.148433   0.000000     0.257848   0.000000     0.000000   0.000000   )
 (  0.151874   0.000000     0.263829   0.000000     0.000000   0.000000   )
 (  0.272991   0.000000     0.039890   0.000000     0.000005   0.000000   )
 (  0.281279   0.000000     0.042152   0.000000     0.000004   0.000000   )
 (  0.101715   0.000000    -0.256755   0.000000     0.000035   0.000000   )
 (  0.103884   0.000000    -0.265031   0.000000     0.000064   0.000000   )
     freq (    9) =      18.080822 [THz] =     603.111300 [cm-1]
 (  0.005779   0.000000     0.004223   0.000000    -0.123214   0.000000   )
 ( -0.012980   0.000000    -0.009236   0.000000    -0.119255   0.000000   )
 ( -0.000618   0.000000    -0.007099   0.000000     0.123237   0.000000   )
 (  0.001682   0.000000     0.015918   0.000000     0.119218   0.000000   )
 ( -0.005859   0.000000     0.003383   0.000000    -0.190736   0.000000   )
 (  0.013040   0.000000    -0.007529   0.000000    -0.184561   0.000000   )
 (  0.000633   0.000000    -0.000365   0.000000    -0.437153   0.000000   )
 ( -0.001788   0.000000     0.001032   0.000000    -0.422756   0.000000   )
 (  0.000806   0.000000    -0.000465   0.000000     0.437135   0.000000   )
 ( -0.001521   0.000000     0.000878   0.000000     0.422921   0.000000   )
 ( -0.005821   0.000000     0.003361   0.000000     0.190691   0.000000   )
 (  0.013012   0.000000    -0.007513   0.000000     0.184492   0.000000   )
 ( -0.000768   0.000000    -0.007116   0.000000    -0.123216   0.000000   )
 (  0.001508   0.000000     0.015859   0.000000    -0.119258   0.000000   )
 (  0.005839   0.000000     0.004085   0.000000     0.123234   0.000000   )
 ( -0.012945   0.000000    -0.009416   0.000000     0.119215   0.000000   )
     freq (   10) =      18.080938 [THz] =     603.115167 [cm-1]
 ( -0.002818   0.000000     0.005802   0.000000     0.221970   0.000000   )
 (  0.006209   0.000000    -0.012959   0.000000     0.214887   0.000000   )
 ( -0.006420   0.000000    -0.000484   0.000000    -0.222005   0.000000   )
 (  0.014259   0.000000     0.001132   0.000000    -0.214809   0.000000   )
 (  0.002821   0.000000    -0.001629   0.000000    -0.396247   0.000000   )
 ( -0.006208   0.000000     0.003584   0.000000    -0.383202   0.000000   )
 (  0.006434   0.000000    -0.003715   0.000000     0.047741   0.000000   )
 ( -0.014257   0.000000     0.008231   0.000000     0.046018   0.000000   )
 (  0.006349   0.000000    -0.003666   0.000000    -0.047737   0.000000   )
 ( -0.014260   0.000000     0.008233   0.000000    -0.046072   0.000000   )
 (  0.002857   0.000000    -0.001650   0.000000     0.396275   0.000000   )
 ( -0.006219   0.000000     0.003590   0.000000     0.383139   0.000000   )
 ( -0.006434   0.000000    -0.000460   0.000000     0.221968   0.000000   )
 (  0.014327   0.000000     0.001102   0.000000     0.214884   0.000000   )
 ( -0.002790   0.000000     0.005802   0.000000    -0.222008   0.000000   )
 (  0.006149   0.000000    -0.012914   0.000000    -0.214812   0.000000   )
     freq (   11) =      18.081677 [THz] =     603.139809 [cm-1]
 ( -0.003653   0.000000     0.002129   0.000000    -0.359088   0.000000   )
 (  0.008246   0.000000    -0.004828   0.000000    -0.347446   0.000000   )
 (  0.003672   0.000000    -0.002075   0.000000    -0.359073   0.000000   )
 ( -0.008295   0.000000     0.004721   0.000000    -0.347160   0.000000   )
 (  0.003746   0.000000     0.006488   0.000000    -0.000002   0.000000   )
 ( -0.008246   0.000000    -0.014283   0.000000    -0.000002   0.000000   )
 ( -0.003746   0.000000    -0.006489   0.000000    -0.000001   0.000000   )
 (  0.008366   0.000000     0.014491   0.000000    -0.000001   0.000000   )
 ( -0.003764   0.000000    -0.006519   0.000000     0.000001   0.000000   )
 (  0.008320   0.000000     0.014411   0.000000     0.000001   0.000000   )
 (  0.003729   0.000000     0.006459   0.000000     0.000002   0.000000   )
 ( -0.008340   0.000000    -0.014445   0.000000     0.000002   0.000000   )
 (  0.003670   0.000000    -0.002099   0.000000     0.359089   0.000000   )
 ( -0.008304   0.000000     0.004727   0.000000     0.347447   0.000000   )
 ( -0.003633   0.000000     0.002143   0.000000     0.359072   0.000000   )
 (  0.008236   0.000000    -0.004823   0.000000     0.347159   0.000000   )
     freq (   12) =      20.571619 [THz] =     686.195348 [cm-1]
 ( -0.265799   0.000000    -0.072227   0.000000    -0.000057   0.000000   )
 (  0.262400   0.000000     0.071242   0.000000    -0.000282   0.000000   )
 (  0.070453   0.000000    -0.266356   0.000000    -0.000090   0.000000   )
 ( -0.069378   0.000000     0.262807   0.000000     0.000088   0.000000   )
 (  0.041699   0.000000     0.072196   0.000000    -0.000000   0.000000   )
 ( -0.041210   0.000000    -0.071350   0.000000    -0.000000   0.000000   )
 (  0.153686   0.000000     0.266221   0.000000    -0.000000   0.000000   )
 ( -0.151819   0.000000    -0.262987   0.000000    -0.000000   0.000000   )
 (  0.153758   0.000000     0.266346   0.000000    -0.000000   0.000000   )
 ( -0.151698   0.000000    -0.262778   0.000000    -0.000000   0.000000   )
 (  0.041792   0.000000     0.072357   0.000000     0.000000   0.000000   )
 ( -0.041110   0.000000    -0.071176   0.000000     0.000000   0.000000   )
 (  0.070341   0.000000    -0.266317   0.000000     0.000057   0.000000   )
 ( -0.069494   0.000000     0.262881   0.000000     0.000282   0.000000   )
 ( -0.265889   0.000000    -0.072149   0.000000     0.000090   0.000000   )
 (  0.262279   0.000000     0.071306   0.000000    -0.000088   0.000000   )
     freq (   13) =      20.571769 [THz] =     686.200363 [cm-1]
 ( -0.088859   0.000000    -0.154145   0.000000     0.000101   0.000000   )
 (  0.087939   0.000000     0.152142   0.000000    -0.000027   0.000000   )
 (  0.088855   0.000000     0.154077   0.000000    -0.000132   0.000000   )
 ( -0.087804   0.000000    -0.152143   0.000000     0.000101   0.000000   )
 ( -0.266888   0.000000     0.154149   0.000000     0.000066   0.000000   )
 (  0.263248   0.000000    -0.152047   0.000000    -0.000134   0.000000   )
 (  0.266958   0.000000    -0.154108   0.000000     0.000049   0.000000   )
 ( -0.263367   0.000000     0.152035   0.000000     0.000072   0.000000   )
 (  0.266862   0.000000    -0.154052   0.000000    -0.000037   0.000000   )
 ( -0.263535   0.000000     0.152132   0.000000    -0.000140   0.000000   )
 ( -0.266896   0.000000     0.154154   0.000000    -0.000041   0.000000   )
 (  0.263366   0.000000    -0.152115   0.000000     0.000072   0.000000   )
 (  0.088975   0.000000     0.153995   0.000000     0.000101   0.000000   )
 ( -0.087701   0.000000    -0.152198   0.000000    -0.000027   0.000000   )
 ( -0.088989   0.000000    -0.154082   0.000000    -0.000132   0.000000   )
 (  0.087840   0.000000     0.152204   0.000000     0.000101   0.000000   )
     freq (   14) =      20.572072 [THz] =     686.210457 [cm-1]
 (  0.128085   0.000000    -0.256910   0.000000     0.000038   0.000000   )
 ( -0.126445   0.000000     0.253554   0.000000     0.000047   0.000000   )
 ( -0.286628   0.000000    -0.017561   0.000000    -0.000032   0.000000   )
 (  0.282738   0.000000     0.017398   0.000000     0.000008   0.000000   )
 (  0.148425   0.000000     0.256977   0.000000     0.000000   0.000000   )
 ( -0.146417   0.000000    -0.253501   0.000000     0.000000   0.000000   )
 (  0.010117   0.000000     0.017627   0.000000    -0.000000   0.000000   )
 ( -0.009887   0.000000    -0.017226   0.000000    -0.000000   0.000000   )
 (  0.010087   0.000000     0.017573   0.000000    -0.000000   0.000000   )
 ( -0.009988   0.000000    -0.017401   0.000000     0.000000   0.000000   )
 (  0.148366   0.000000     0.256875   0.000000     0.000000   0.000000   )
 ( -0.146524   0.000000    -0.253686   0.000000    -0.000000   0.000000   )
 ( -0.286562   0.000000    -0.017581   0.000000    -0.000038   0.000000   )
 (  0.282836   0.000000     0.017323   0.000000    -0.000047   0.000000   )
 (  0.128135   0.000000    -0.256957   0.000000     0.000032   0.000000   )
 ( -0.126331   0.000000     0.253507   0.000000    -0.000008   0.000000   )
     freq (   15) =      25.017495 [THz] =     834.493817 [cm-1]
 ( -0.107570   0.000000    -0.119553   0.000000    -0.058803   0.000000   )
 ( -0.010587   0.000000    -0.011441   0.000000    -0.056529   0.000000   )
 ( -0.049711   0.000000    -0.153116   0.000000    -0.058840   0.000000   )
 ( -0.004648   0.000000    -0.015447   0.000000    -0.056615   0.000000   )
 (  0.107417   0.000000    -0.062016   0.000000    -0.264785   0.000000   )
 (  0.010571   0.000000    -0.006103   0.000000    -0.253740   0.000000   )
 (  0.050132   0.000000    -0.028943   0.000000     0.382842   0.000000   )
 (  0.004770   0.000000    -0.002754   0.000000     0.366583   0.000000   )
 ( -0.050123   0.000000     0.028937   0.000000     0.382209   0.000000   )
 ( -0.004678   0.000000     0.002701   0.000000     0.367123   0.000000   )
 ( -0.107709   0.000000     0.062185   0.000000    -0.264919   0.000000   )
 ( -0.011047   0.000000     0.006378   0.000000    -0.253727   0.000000   )
 (  0.049752   0.000000     0.152934   0.000000    -0.058806   0.000000   )
 (  0.004614   0.000000     0.014889   0.000000    -0.056533   0.000000   )
 (  0.107747   0.000000     0.119609   0.000000    -0.058836   0.000000   )
 (  0.011054   0.000000     0.011749   0.000000    -0.056612   0.000000   )
     freq (   16) =      25.018427 [THz] =     834.524886 [cm-1]
 ( -0.091210   0.000000     0.099814   0.000000    -0.228885   0.000000   )
 ( -0.009273   0.000000     0.010567   0.000000    -0.219179   0.000000   )
 (  0.131814   0.000000    -0.029326   0.000000    -0.228559   0.000000   )
 (  0.012679   0.000000    -0.003262   0.000000    -0.219669   0.000000   )
 (  0.091182   0.000000    -0.052642   0.000000     0.312575   0.000000   )
 (  0.009190   0.000000    -0.005306   0.000000     0.298990   0.000000   )
 ( -0.131517   0.000000     0.075934   0.000000     0.145703   0.000000   )
 ( -0.012728   0.000000     0.007348   0.000000     0.139181   0.000000   )
 (  0.131886   0.000000    -0.076147   0.000000     0.145101   0.000000   )
 (  0.013659   0.000000    -0.007886   0.000000     0.139673   0.000000   )
 ( -0.091215   0.000000     0.052661   0.000000     0.311846   0.000000   )
 ( -0.009061   0.000000     0.005231   0.000000     0.299591   0.000000   )
 ( -0.132045   0.000000     0.029082   0.000000    -0.228894   0.000000   )
 ( -0.013788   0.000000     0.002747   0.000000    -0.219187   0.000000   )
 (  0.091307   0.000000    -0.099493   0.000000    -0.228550   0.000000   )
 (  0.009164   0.000000    -0.009350   0.000000    -0.219661   0.000000   )
     freq (   17) =      25.024206 [THz] =     834.717674 [cm-1]
 ( -0.081131   0.000000     0.046771   0.000000     0.334815   0.000000   )
 ( -0.007283   0.000000     0.004208   0.000000     0.320143   0.000000   )
 ( -0.080920   0.000000     0.046710   0.000000    -0.335012   0.000000   )
 ( -0.007376   0.000000     0.004274   0.000000    -0.320236   0.000000   )
 (  0.081077   0.000000     0.140434   0.000000    -0.000003   0.000000   )
 (  0.007406   0.000000     0.012828   0.000000    -0.000003   0.000000   )
 (  0.081100   0.000000     0.140466   0.000000    -0.000004   0.000000   )
 (  0.007331   0.000000     0.012697   0.000000    -0.000004   0.000000   )
 ( -0.081000   0.000000    -0.140293   0.000000    -0.000004   0.000000   )
 ( -0.007503   0.000000    -0.012995   0.000000    -0.000004   0.000000   )
 ( -0.080992   0.000000    -0.140287   0.000000    -0.000003   0.000000   )
 ( -0.007340   0.000000    -0.012713   0.000000    -0.000003   0.000000   )
 (  0.081073   0.000000    -0.046879   0.000000    -0.334808   0.000000   )
 (  0.007287   0.000000    -0.004204   0.000000    -0.320136   0.000000   )
 (  0.080909   0.000000    -0.046722   0.000000     0.335019   0.000000   )
 (  0.007389   0.000000    -0.004250   0.000000     0.320242   0.000000   )
     freq (   18) =      26.073947 [THz] =     869.733262 [cm-1]
 (  0.071380   0.000000     0.131193   0.000000     0.001718   0.000000   )
 (  0.144821   0.000000     0.265518   0.000000     0.000914   0.000000   )
 ( -0.072362   0.000000    -0.126405   0.000000     0.006477   0.000000   )
 ( -0.147308   0.000000    -0.256989   0.000000    -0.003385   0.000000   )
 ( -0.070830   0.000000     0.040891   0.000000     0.236652   0.000000   )
 ( -0.144380   0.000000     0.083353   0.000000    -0.207663   0.000000   )
 (  0.071671   0.000000    -0.041377   0.000000     0.237659   0.000000   )
 (  0.146979   0.000000    -0.084854   0.000000    -0.206632   0.000000   )
 (  0.077426   0.000000    -0.044699   0.000000    -0.240563   0.000000   )
 (  0.157293   0.000000    -0.090808   0.000000     0.206596   0.000000   )
 ( -0.072790   0.000000     0.042023   0.000000    -0.250283   0.000000   )
 ( -0.148666   0.000000     0.085828   0.000000     0.212753   0.000000   )
 ( -0.077928   0.000000    -0.127413   0.000000     0.001724   0.000000   )
 ( -0.157539   0.000000    -0.258175   0.000000     0.000909   0.000000   )
 (  0.073290   0.000000     0.125869   0.000000     0.006484   0.000000   )
 (  0.148910   0.000000     0.256064   0.000000    -0.003391   0.000000   )
     freq (   19) =      26.080411 [THz] =     869.948859 [cm-1]
 ( -0.073235   0.000000     0.042174   0.000000     0.241334   0.000000   )
 ( -0.149233   0.000000     0.086130   0.000000    -0.208738   0.000000   )
 (  0.072725   0.000000    -0.041998   0.000000     0.242027   0.000000   )
 (  0.148514   0.000000    -0.085843   0.000000    -0.208557   0.000000   )
 (  0.074309   0.000000     0.128727   0.000000    -0.000008   0.000000   )
 (  0.149957   0.000000     0.259775   0.000000     0.000007   0.000000   )
 ( -0.073777   0.000000    -0.127771   0.000000     0.000016   0.000000   )
 ( -0.149169   0.000000    -0.258338   0.000000    -0.000014   0.000000   )
 ( -0.074137   0.000000    -0.128394   0.000000    -0.000016   0.000000   )
 ( -0.149991   0.000000    -0.259760   0.000000     0.000014   0.000000   )
 (  0.073706   0.000000     0.127682   0.000000     0.000010   0.000000   )
 (  0.149228   0.000000     0.258511   0.000000    -0.000008   0.000000   )
 (  0.073155   0.000000    -0.042349   0.000000    -0.241308   0.000000   )
 (  0.149235   0.000000    -0.086200   0.000000     0.208716   0.000000   )
 ( -0.072716   0.000000     0.041978   0.000000    -0.242053   0.000000   )
 ( -0.148564   0.000000     0.085686   0.000000     0.208580   0.000000   )
     freq (   20) =      26.081400 [THz] =     869.981859 [cm-1]
 (  0.105400   0.000000    -0.060928   0.000000     0.168494   0.000000   )
 (  0.214002   0.000000    -0.123378   0.000000    -0.147598   0.000000   )
 (  0.100683   0.000000    -0.063158   0.000000    -0.173845   0.000000   )
 (  0.205038   0.000000    -0.127741   0.000000     0.149371   0.000000   )
 ( -0.105295   0.000000     0.060779   0.000000    -0.159849   0.000000   )
 ( -0.213750   0.000000     0.123383   0.000000     0.140793   0.000000   )
 ( -0.101254   0.000000     0.058472   0.000000     0.171947   0.000000   )
 ( -0.204938   0.000000     0.118347   0.000000    -0.148379   0.000000   )
 ( -0.105779   0.000000     0.061084   0.000000    -0.175024   0.000000   )
 ( -0.213915   0.000000     0.123530   0.000000     0.149612   0.000000   )
 ( -0.104866   0.000000     0.060532   0.000000     0.173955   0.000000   )
 ( -0.212964   0.000000     0.122929   0.000000    -0.145817   0.000000   )
 (  0.105455   0.000000    -0.060809   0.000000     0.168530   0.000000   )
 (  0.213827   0.000000    -0.123629   0.000000    -0.147629   0.000000   )
 (  0.105049   0.000000    -0.055621   0.000000    -0.173809   0.000000   )
 (  0.213168   0.000000    -0.113711   0.000000     0.149340   0.000000   )
     freq (   21) =      26.323386 [THz] =     878.053643 [cm-1]
 ( -0.117362   0.000000    -0.104040   0.000000     0.077459   0.000000   )
 ( -0.204807   0.000000    -0.181910   0.000000    -0.035524   0.000000   )
 ( -0.033365   0.000000    -0.153062   0.000000     0.080300   0.000000   )
 ( -0.059184   0.000000    -0.267588   0.000000    -0.037847   0.000000   )
 (  0.116723   0.000000    -0.067390   0.000000     0.203829   0.000000   )
 (  0.204287   0.000000    -0.117945   0.000000    -0.095653   0.000000   )
 (  0.034906   0.000000    -0.020152   0.000000    -0.360370   0.000000   )
 (  0.059641   0.000000    -0.034433   0.000000     0.167896   0.000000   )
 ( -0.032335   0.000000     0.018669   0.000000    -0.358513   0.000000   )
 ( -0.055147   0.000000     0.031839   0.000000     0.166302   0.000000   )
 ( -0.115914   0.000000     0.066923   0.000000     0.199543   0.000000   )
 ( -0.202031   0.000000     0.116642   0.000000    -0.091811   0.000000   )
 (  0.031421   0.000000     0.153659   0.000000     0.077460   0.000000   )
 (  0.055136   0.000000     0.268323   0.000000    -0.035524   0.000000   )
 (  0.115873   0.000000     0.105425   0.000000     0.080300   0.000000   )
 (  0.202147   0.000000     0.185049   0.000000    -0.037847   0.000000   )
     freq (   22) =      26.325804 [THz] =     878.134291 [cm-1]
 ( -0.075478   0.000000     0.108447   0.000000     0.201928   0.000000   )
 ( -0.132109   0.000000     0.188829   0.000000    -0.094991   0.000000   )
 (  0.138520   0.000000    -0.007530   0.000000     0.195932   0.000000   )
 (  0.241742   0.000000    -0.013619   0.000000    -0.090008   0.000000   )
 (  0.074735   0.000000    -0.043159   0.000000    -0.317454   0.000000   )
 (  0.131312   0.000000    -0.075831   0.000000     0.150924   0.000000   )
 ( -0.137053   0.000000     0.079117   0.000000    -0.089940   0.000000   )
 ( -0.241314   0.000000     0.139304   0.000000     0.042516   0.000000   )
 (  0.131765   0.000000    -0.076064   0.000000    -0.086039   0.000000   )
 (  0.229729   0.000000    -0.132616   0.000000     0.038631   0.000000   )
 ( -0.076111   0.000000     0.043953   0.000000    -0.302207   0.000000   )
 ( -0.132783   0.000000     0.076681   0.000000     0.137865   0.000000   )
 ( -0.131666   0.000000     0.011148   0.000000     0.201893   0.000000   )
 ( -0.229601   0.000000     0.020004   0.000000    -0.094974   0.000000   )
 (  0.075773   0.000000    -0.116192   0.000000     0.195966   0.000000   )
 (  0.132650   0.000000    -0.202536   0.000000    -0.090024   0.000000   )
     freq (   23) =      26.326179 [THz] =     878.146817 [cm-1]
 (  0.079868   0.000000    -0.046588   0.000000     0.302406   0.000000   )
 (  0.139123   0.000000    -0.080836   0.000000    -0.143430   0.000000   )
 (  0.079799   0.000000    -0.046985   0.000000    -0.301454   0.000000   )
 (  0.139686   0.000000    -0.081212   0.000000     0.142607   0.000000   )
 ( -0.079710   0.000000    -0.138052   0.000000     0.000018   0.000000   )
 ( -0.139125   0.000000    -0.240954   0.000000    -0.000009   0.000000   )
 ( -0.080244   0.000000    -0.139004   0.000000     0.000005   0.000000   )
 ( -0.139748   0.000000    -0.242082   0.000000    -0.000002   0.000000   )
 (  0.080187   0.000000     0.138906   0.000000     0.000005   0.000000   )
 (  0.139869   0.000000     0.242290   0.000000    -0.000002   0.000000   )
 (  0.080731   0.000000     0.139821   0.000000     0.000017   0.000000   )
 (  0.140104   0.000000     0.242650   0.000000    -0.000008   0.000000   )
 ( -0.080265   0.000000     0.045873   0.000000    -0.302429   0.000000   )
 ( -0.139542   0.000000     0.080064   0.000000     0.143440   0.000000   )
 ( -0.080598   0.000000     0.045629   0.000000     0.301432   0.000000   )
 ( -0.140189   0.000000     0.080389   0.000000    -0.142597   0.000000   )
     freq (   24) =      26.906714 [THz] =     897.511387 [cm-1]
 ( -0.211842   0.000000    -0.188063   0.000000    -0.000645   0.000000   )
 ( -0.165803   0.000000    -0.146928   0.000000     0.000389   0.000000   )
 ( -0.057177   0.000000    -0.277444   0.000000     0.000907   0.000000   )
 ( -0.044747   0.000000    -0.216869   0.000000    -0.000556   0.000000   )
 (  0.108724   0.000000     0.188216   0.000000    -0.000000   0.000000   )
 (  0.085254   0.000000     0.147587   0.000000     0.000000   0.000000   )
 (  0.160205   0.000000     0.277581   0.000000    -0.000000   0.000000   )
 (  0.125371   0.000000     0.217226   0.000000     0.000000   0.000000   )
 (  0.160044   0.000000     0.277304   0.000000     0.000000   0.000000   )
 (  0.124965   0.000000     0.216522   0.000000    -0.000000   0.000000   )
 (  0.108553   0.000000     0.187921   0.000000    -0.000000   0.000000   )
 (  0.084838   0.000000     0.146866   0.000000     0.000000   0.000000   )
 ( -0.056975   0.000000    -0.277541   0.000000     0.000645   0.000000   )
 ( -0.044364   0.000000    -0.217092   0.000000    -0.000389   0.000000   )
 ( -0.211656   0.000000    -0.188189   0.000000    -0.000907   0.000000   )
 ( -0.165418   0.000000    -0.147148   0.000000     0.000556   0.000000   )
     freq (   25) =      26.906837 [THz] =     897.515472 [cm-1]
 ( -0.098286   0.000000    -0.170395   0.000000    -0.000343   0.000000   )
 ( -0.076565   0.000000    -0.133267   0.000000     0.000189   0.000000   )
 (  0.098396   0.000000     0.170342   0.000000    -0.000578   0.000000   )
 (  0.076778   0.000000     0.133174   0.000000     0.000416   0.000000   )
 ( -0.295748   0.000000     0.170765   0.000000     0.000715   0.000000   )
 ( -0.231470   0.000000     0.133651   0.000000    -0.000505   0.000000   )
 (  0.295557   0.000000    -0.170577   0.000000     0.000903   0.000000   )
 (  0.231277   0.000000    -0.133478   0.000000    -0.000735   0.000000   )
 (  0.295437   0.000000    -0.170507   0.000000     0.000102   0.000000   )
 (  0.230832   0.000000    -0.133222   0.000000     0.000002   0.000000   )
 ( -0.295412   0.000000     0.170570   0.000000     0.000166   0.000000   )
 ( -0.230970   0.000000     0.133362   0.000000    -0.000009   0.000000   )
 (  0.098454   0.000000     0.170220   0.000000    -0.000343   0.000000   )
 (  0.077154   0.000000     0.132866   0.000000     0.000189   0.000000   )
 ( -0.098420   0.000000    -0.170405   0.000000    -0.000578   0.000000   )
 ( -0.077019   0.000000    -0.133095   0.000000     0.000417   0.000000   )
     freq (   26) =      26.907065 [THz] =     897.523076 [cm-1]
 ( -0.248895   0.000000     0.227926   0.000000     0.001015   0.000000   )
 ( -0.194649   0.000000     0.178244   0.000000    -0.000880   0.000000   )
 (  0.321730   0.000000    -0.101565   0.000000     0.000258   0.000000   )
 (  0.251769   0.000000    -0.079534   0.000000    -0.000273   0.000000   )
 ( -0.131205   0.000000    -0.227304   0.000000    -0.000000   0.000000   )
 ( -0.102592   0.000000    -0.177734   0.000000     0.000000   0.000000   )
 (  0.058337   0.000000     0.101093   0.000000    -0.000000   0.000000   )
 (  0.045486   0.000000     0.078823   0.000000     0.000000   0.000000   )
 (  0.058318   0.000000     0.101060   0.000000     0.000000   0.000000   )
 (  0.045541   0.000000     0.078919   0.000000    -0.000000   0.000000   )
 ( -0.131252   0.000000    -0.227384   0.000000    -0.000000   0.000000   )
 ( -0.102518   0.000000    -0.177605   0.000000     0.000000   0.000000   )
 (  0.321823   0.000000    -0.101611   0.000000    -0.001015   0.000000   )
 (  0.251677   0.000000    -0.079468   0.000000     0.000879   0.000000   )
 ( -0.248808   0.000000     0.227869   0.000000    -0.000258   0.000000   )
 ( -0.194752   0.000000     0.178291   0.000000     0.000273   0.000000   )
     freq (   27) =      28.719821 [THz] =     957.990107 [cm-1]
 (  0.109234   0.000000    -0.058831   0.000000    -0.232250   0.000000   )
 (  0.085239   0.000000    -0.046530   0.000000     0.309962   0.000000   )
 (  0.106262   0.000000    -0.064882   0.000000     0.232016   0.000000   )
 (  0.083897   0.000000    -0.050747   0.000000    -0.310171   0.000000   )
 ( -0.106438   0.000000    -0.184353   0.000000     0.000001   0.000000   )
 ( -0.083008   0.000000    -0.143772   0.000000    -0.000002   0.000000   )
 ( -0.109454   0.000000    -0.189579   0.000000    -0.000002   0.000000   )
 ( -0.085912   0.000000    -0.148803   0.000000     0.000003   0.000000   )
 (  0.109291   0.000000     0.189297   0.000000    -0.000002   0.000000   )
 (  0.085155   0.000000     0.147492   0.000000     0.000003   0.000000   )
 (  0.106366   0.000000     0.184228   0.000000     0.000001   0.000000   )
 (  0.083156   0.000000     0.144029   0.000000    -0.000002   0.000000   )
 ( -0.105567   0.000000     0.065181   0.000000     0.232251   0.000000   )
 ( -0.082916   0.000000     0.050552   0.000000    -0.309962   0.000000   )
 ( -0.109321   0.000000     0.059582   0.000000    -0.232015   0.000000   )
 ( -0.085898   0.000000     0.047282   0.000000     0.310170   0.000000   )
     freq (   28) =      28.721679 [THz] =     958.052095 [cm-1]
 ( -0.121068   0.000000    -0.176517   0.000000    -0.011801   0.000000   )
 ( -0.094431   0.000000    -0.138220   0.000000     0.015497   0.000000   )
 ( -0.092878   0.000000    -0.193438   0.000000    -0.011836   0.000000   )
 ( -0.072804   0.000000    -0.151140   0.000000     0.015998   0.000000   )
 (  0.114939   0.000000    -0.066362   0.000000    -0.220639   0.000000   )
 (  0.089423   0.000000    -0.051630   0.000000     0.293982   0.000000   )
 (  0.099950   0.000000    -0.057708   0.000000     0.244521   0.000000   )
 (  0.077183   0.000000    -0.044563   0.000000    -0.325914   0.000000   )
 ( -0.099474   0.000000     0.057433   0.000000     0.244697   0.000000   )
 ( -0.076890   0.000000     0.044394   0.000000    -0.326092   0.000000   )
 ( -0.114902   0.000000     0.066340   0.000000    -0.221481   0.000000   )
 ( -0.089441   0.000000     0.051640   0.000000     0.295172   0.000000   )
 (  0.092333   0.000000     0.193108   0.000000    -0.011798   0.000000   )
 (  0.072486   0.000000     0.150890   0.000000     0.015492   0.000000   )
 (  0.121081   0.000000     0.177154   0.000000    -0.011840   0.000000   )
 (  0.094487   0.000000     0.138621   0.000000     0.016002   0.000000   )
     freq (   29) =      28.723771 [THz] =     958.121856 [cm-1]
 (  0.155985   0.000000    -0.108356   0.000000     0.164171   0.000000   )
 (  0.121295   0.000000    -0.084145   0.000000    -0.219512   0.000000   )
 ( -0.171771   0.000000     0.081097   0.000000     0.164113   0.000000   )
 ( -0.133374   0.000000     0.063248   0.000000    -0.219108   0.000000   )
 ( -0.131363   0.000000     0.075842   0.000000    -0.179605   0.000000   )
 ( -0.103274   0.000000     0.059626   0.000000     0.240341   0.000000   )
 (  0.146432   0.000000    -0.084542   0.000000    -0.146522   0.000000   )
 (  0.115717   0.000000    -0.066808   0.000000     0.196448   0.000000   )
 ( -0.145988   0.000000     0.084286   0.000000    -0.146670   0.000000   )
 ( -0.115339   0.000000     0.066591   0.000000     0.196372   0.000000   )
 (  0.130934   0.000000    -0.075595   0.000000    -0.181135   0.000000   )
 (  0.102962   0.000000    -0.059445   0.000000     0.242043   0.000000   )
 (  0.171832   0.000000    -0.080909   0.000000     0.164170   0.000000   )
 (  0.133519   0.000000    -0.062973   0.000000    -0.219511   0.000000   )
 ( -0.156117   0.000000     0.108210   0.000000     0.164114   0.000000   )
 ( -0.121461   0.000000     0.083882   0.000000    -0.219109   0.000000   )
     freq (   30) =      28.744042 [THz] =     958.798028 [cm-1]
 ( -0.142354   0.000000    -0.249211   0.000000    -0.002311   0.000000   )
 ( -0.102322   0.000000    -0.179369   0.000000     0.003141   0.000000   )
 (  0.144692   0.000000     0.247875   0.000000     0.002387   0.000000   )
 (  0.104216   0.000000     0.178261   0.000000    -0.003219   0.000000   )
 ( -0.144611   0.000000    -0.250433   0.000000    -0.000000   0.000000   )
 ( -0.104266   0.000000    -0.180564   0.000000     0.000000   0.000000   )
 (  0.142263   0.000000     0.246365   0.000000    -0.000000   0.000000   )
 (  0.102365   0.000000     0.177272   0.000000     0.000001   0.000000   )
 ( -0.142253   0.000000    -0.246349   0.000000    -0.000000   0.000000   )
 ( -0.102365   0.000000    -0.177272   0.000000     0.000000   0.000000   )
 (  0.144624   0.000000     0.250456   0.000000    -0.000001   0.000000   )
 (  0.104252   0.000000     0.180540   0.000000     0.000001   0.000000   )
 ( -0.144680   0.000000    -0.247868   0.000000     0.002312   0.000000   )
 ( -0.104201   0.000000    -0.178284   0.000000    -0.003142   0.000000   )
 (  0.142354   0.000000     0.249225   0.000000    -0.002387   0.000000   )
 (  0.102295   0.000000     0.179370   0.000000     0.003219   0.000000   )
     freq (   31) =      28.744150 [THz] =     958.801624 [cm-1]
 (  0.239431   0.000000    -0.140772   0.000000    -0.009199   0.000000   )
 (  0.171788   0.000000    -0.101201   0.000000     0.012723   0.000000   )
 ( -0.241548   0.000000     0.137075   0.000000    -0.006544   0.000000   )
 ( -0.173508   0.000000     0.098155   0.000000     0.008472   0.000000   )
 (  0.256979   0.000000    -0.148390   0.000000     0.004434   0.000000   )
 (  0.185423   0.000000    -0.107071   0.000000    -0.005717   0.000000   )
 ( -0.254686   0.000000     0.147066   0.000000     0.010954   0.000000   )
 ( -0.183815   0.000000     0.106142   0.000000    -0.015202   0.000000   )
 (  0.254756   0.000000    -0.147106   0.000000     0.008622   0.000000   )
 (  0.183799   0.000000    -0.106132   0.000000    -0.011206   0.000000   )
 ( -0.256910   0.000000     0.148350   0.000000     0.007306   0.000000   )
 ( -0.185590   0.000000     0.107167   0.000000    -0.010133   0.000000   )
 (  0.241607   0.000000    -0.137001   0.000000    -0.009199   0.000000   )
 (  0.173522   0.000000    -0.098197   0.000000     0.012722   0.000000   )
 ( -0.239465   0.000000     0.140684   0.000000    -0.006545   0.000000   )
 ( -0.171745   0.000000     0.101209   0.000000     0.008473   0.000000   )
     freq (   32) =      29.064072 [THz] =     969.473072 [cm-1]
 (  0.001015   0.000000    -0.000774   0.000000     0.185915   0.000000   )
 ( -0.000296   0.000000     0.000897   0.000000    -0.301576   0.000000   )
 ( -0.002027   0.000000     0.000894   0.000000    -0.185992   0.000000   )
 ( -0.003208   0.000000     0.002405   0.000000     0.301659   0.000000   )
 (  0.002267   0.000000    -0.001309   0.000000     0.185111   0.000000   )
 (  0.003520   0.000000    -0.002032   0.000000    -0.301844   0.000000   )
 ( -0.002677   0.000000     0.001545   0.000000    -0.183454   0.000000   )
 (  0.001078   0.000000    -0.000622   0.000000     0.300422   0.000000   )
 (  0.003932   0.000000    -0.002270   0.000000     0.184630   0.000000   )
 (  0.002652   0.000000    -0.001531   0.000000    -0.300700   0.000000   )
 ( -0.000476   0.000000     0.000275   0.000000    -0.183815   0.000000   )
 ( -0.000235   0.000000     0.000136   0.000000     0.300166   0.000000   )
 (  0.001178   0.000000    -0.000492   0.000000     0.185915   0.000000   )
 ( -0.000925   0.000000    -0.000193   0.000000    -0.301576   0.000000   )
 ( -0.001788   0.000000     0.001309   0.000000    -0.185992   0.000000   )
 ( -0.003686   0.000000     0.001575   0.000000     0.301659   0.000000   )
     freq (   33) =      29.896448 [THz] =     997.238154 [cm-1]
 ( -0.265217   0.000000    -0.135165   0.000000    -0.000257   0.000000   )
 (  0.199292   0.000000     0.101544   0.000000     0.000240   0.000000   )
 ( -0.015572   0.000000     0.297373   0.000000    -0.000293   0.000000   )
 (  0.011776   0.000000    -0.223479   0.000000     0.000196   0.000000   )
 (  0.078072   0.000000     0.135102   0.000000     0.000000   0.000000   )
 ( -0.058623   0.000000    -0.101446   0.000000    -0.000000   0.000000   )
 ( -0.171748   0.000000    -0.297600   0.000000    -0.000000   0.000000   )
 (  0.128738   0.000000     0.223074   0.000000     0.000000   0.000000   )
 (  0.171782   0.000000     0.297658   0.000000     0.000000   0.000000   )
 ( -0.128883   0.000000    -0.223324   0.000000    -0.000000   0.000000   )
 ( -0.078084   0.000000    -0.135123   0.000000    -0.000000   0.000000   )
 (  0.058754   0.000000     0.101672   0.000000     0.000000   0.000000   )
 (  0.015517   0.000000    -0.297329   0.000000     0.000257   0.000000   )
 ( -0.011680   0.000000     0.223410   0.000000    -0.000240   0.000000   )
 (  0.265283   0.000000     0.135140   0.000000     0.000293   0.000000   )
 ( -0.199400   0.000000    -0.101495   0.000000    -0.000196   0.000000   )
     freq (   34) =      29.896503 [THz] =     997.240010 [cm-1]
 (  0.198632   0.000000    -0.267756   0.000000    -0.000204   0.000000   )
 ( -0.149029   0.000000     0.201037   0.000000     0.000284   0.000000   )
 (  0.331301   0.000000    -0.038558   0.000000     0.000067   0.000000   )
 ( -0.248555   0.000000     0.028752   0.000000    -0.000216   0.000000   )
 (  0.154338   0.000000     0.267781   0.000000    -0.000000   0.000000   )
 ( -0.116006   0.000000    -0.201274   0.000000     0.000001   0.000000   )
 (  0.021637   0.000000     0.037938   0.000000     0.000000   0.000000   )
 ( -0.016489   0.000000    -0.028905   0.000000    -0.000000   0.000000   )
 ( -0.021864   0.000000    -0.038330   0.000000     0.000000   0.000000   )
 (  0.016587   0.000000     0.029076   0.000000     0.000000   0.000000   )
 ( -0.154124   0.000000    -0.267410   0.000000     0.000000   0.000000   )
 (  0.115938   0.000000     0.201158   0.000000    -0.000000   0.000000   )
 ( -0.331067   0.000000     0.038373   0.000000     0.000204   0.000000   )
 (  0.248518   0.000000    -0.028717   0.000000    -0.000283   0.000000   )
 ( -0.198910   0.000000     0.267866   0.000000    -0.000066   0.000000   )
 (  0.149078   0.000000    -0.201052   0.000000     0.000215   0.000000   )
     freq (   35) =      29.896557 [THz] =     997.241785 [cm-1]
 (  0.100574   0.000000     0.173086   0.000000     0.000628   0.000000   )
 ( -0.074992   0.000000    -0.129766   0.000000    -0.000972   0.000000   )
 (  0.100144   0.000000     0.173494   0.000000    -0.000558   0.000000   )
 ( -0.075327   0.000000    -0.129437   0.000000     0.000805   0.000000   )
 (  0.299542   0.000000    -0.172736   0.000000     0.000557   0.000000   )
 ( -0.225512   0.000000     0.130045   0.000000    -0.000921   0.000000   )
 (  0.300023   0.000000    -0.173114   0.000000    -0.000198   0.000000   )
 ( -0.225094   0.000000     0.129880   0.000000     0.000756   0.000000   )
 ( -0.299993   0.000000     0.173097   0.000000    -0.000008   0.000000   )
 (  0.225183   0.000000    -0.129931   0.000000    -0.000232   0.000000   )
 ( -0.299514   0.000000     0.172720   0.000000    -0.000274   0.000000   )
 (  0.225679   0.000000    -0.130142   0.000000     0.000566   0.000000   )
 ( -0.100056   0.000000    -0.173486   0.000000     0.000628   0.000000   )
 (  0.075220   0.000000     0.129710   0.000000    -0.000973   0.000000   )
 ( -0.100537   0.000000    -0.173166   0.000000    -0.000559   0.000000   )
 (  0.074702   0.000000     0.129722   0.000000     0.000805   0.000000   )
     freq (   36) =      30.556780 [THz] =    1019.264460 [cm-1]
 ( -0.075705   0.000000     0.031437   0.000000     0.223229   0.000000   )
 ( -0.179460   0.000000     0.075643   0.000000    -0.167610   0.000000   )
 ( -0.065874   0.000000     0.049501   0.000000    -0.225540   0.000000   )
 ( -0.155378   0.000000     0.117720   0.000000     0.169380   0.000000   )
 (  0.075885   0.000000    -0.043811   0.000000    -0.193907   0.000000   )
 (  0.179431   0.000000    -0.103592   0.000000     0.148454   0.000000   )
 (  0.065989   0.000000    -0.038100   0.000000     0.257138   0.000000   )
 (  0.155162   0.000000    -0.089586   0.000000    -0.196266   0.000000   )
 (  0.065806   0.000000    -0.037994   0.000000    -0.259617   0.000000   )
 (  0.154713   0.000000    -0.089326   0.000000     0.198149   0.000000   )
 (  0.076477   0.000000    -0.044153   0.000000     0.191995   0.000000   )
 (  0.179102   0.000000    -0.103402   0.000000    -0.146922   0.000000   )
 ( -0.065077   0.000000     0.049843   0.000000     0.223235   0.000000   )
 ( -0.155236   0.000000     0.117594   0.000000    -0.167615   0.000000   )
 ( -0.075807   0.000000     0.032299   0.000000    -0.225534   0.000000   )
 ( -0.179640   0.000000     0.075703   0.000000     0.169376   0.000000   )
     freq (   37) =      30.560568 [THz] =    1019.390837 [cm-1]
 ( -0.042878   0.000000    -0.090838   0.000000    -0.022928   0.000000   )
 ( -0.101245   0.000000    -0.214503   0.000000     0.017363   0.000000   )
 (  0.057679   0.000000     0.082444   0.000000     0.023267   0.000000   )
 (  0.135563   0.000000     0.194901   0.000000    -0.017444   0.000000   )
 (  0.043033   0.000000    -0.024849   0.000000     0.341619   0.000000   )
 (  0.101432   0.000000    -0.058570   0.000000    -0.258948   0.000000   )
 ( -0.057888   0.000000     0.033425   0.000000     0.295537   0.000000   )
 ( -0.135715   0.000000     0.078364   0.000000    -0.223672   0.000000   )
 ( -0.056875   0.000000     0.032840   0.000000    -0.294868   0.000000   )
 ( -0.135351   0.000000     0.078153   0.000000     0.223135   0.000000   )
 (  0.042763   0.000000    -0.024693   0.000000    -0.341236   0.000000   )
 (  0.100791   0.000000    -0.058200   0.000000     0.258312   0.000000   )
 (  0.057226   0.000000     0.082554   0.000000    -0.022948   0.000000   )
 (  0.135136   0.000000     0.194936   0.000000     0.017379   0.000000   )
 ( -0.042556   0.000000    -0.091175   0.000000     0.023247   0.000000   )
 ( -0.101000   0.000000    -0.214856   0.000000    -0.017429   0.000000   )
     freq (   38) =      30.562368 [THz] =    1019.450879 [cm-1]
 (  0.050489   0.000000    -0.029425   0.000000     0.319579   0.000000   )
 (  0.119302   0.000000    -0.068614   0.000000    -0.241821   0.000000   )
 ( -0.050520   0.000000     0.029283   0.000000     0.319857   0.000000   )
 ( -0.119118   0.000000     0.068591   0.000000    -0.242501   0.000000   )
 ( -0.050509   0.000000    -0.087483   0.000000    -0.000012   0.000000   )
 ( -0.119033   0.000000    -0.206168   0.000000     0.000009   0.000000   )
 (  0.050207   0.000000     0.086956   0.000000    -0.000007   0.000000   )
 (  0.119060   0.000000     0.206205   0.000000     0.000005   0.000000   )
 (  0.050676   0.000000     0.087767   0.000000     0.000007   0.000000   )
 (  0.118961   0.000000     0.206033   0.000000    -0.000005   0.000000   )
 ( -0.050468   0.000000    -0.087411   0.000000     0.000012   0.000000   )
 ( -0.118869   0.000000    -0.205883   0.000000    -0.000009   0.000000   )
 ( -0.050732   0.000000     0.029008   0.000000    -0.319574   0.000000   )
 ( -0.119084   0.000000     0.069002   0.000000     0.241817   0.000000   )
 (  0.050621   0.000000    -0.029104   0.000000    -0.319863   0.000000   )
 (  0.118963   0.000000    -0.068849   0.000000     0.242505   0.000000   )
     freq (   39) =      30.780358 [THz] =    1026.722238 [cm-1]
 ( -0.000554   0.000000     0.000395   0.000000     0.280433   0.000000   )
 ( -0.000704   0.000000     0.000518   0.000000    -0.216068   0.000000   )
 ( -0.000301   0.000000     0.000054   0.000000     0.279057   0.000000   )
 ( -0.000568   0.000000     0.000247   0.000000    -0.215370   0.000000   )
 (  0.000516   0.000000    -0.000298   0.000000     0.278911   0.000000   )
 (  0.000758   0.000000    -0.000437   0.000000    -0.215293   0.000000   )
 (  0.000236   0.000000    -0.000137   0.000000     0.280965   0.000000   )
 (  0.000599   0.000000    -0.000346   0.000000    -0.217169   0.000000   )
 (  0.000645   0.000000    -0.000372   0.000000     0.279107   0.000000   )
 (  0.000773   0.000000    -0.000446   0.000000    -0.215410   0.000000   )
 (  0.000215   0.000000    -0.000124   0.000000     0.281160   0.000000   )
 (  0.000488   0.000000    -0.000282   0.000000    -0.217310   0.000000   )
 ( -0.000619   0.000000     0.000282   0.000000     0.280433   0.000000   )
 ( -0.000801   0.000000     0.000351   0.000000    -0.216068   0.000000   )
 ( -0.000197   0.000000     0.000234   0.000000     0.279057   0.000000   )
 ( -0.000498   0.000000     0.000369   0.000000    -0.215370   0.000000   )
     freq (   40) =      31.686345 [THz] =    1056.942687 [cm-1]
 (  0.138807   0.000000     0.243031   0.000000     0.000151   0.000000   )
 ( -0.107037   0.000000    -0.187660   0.000000    -0.000219   0.000000   )
 (  0.138366   0.000000     0.243266   0.000000    -0.000021   0.000000   )
 ( -0.106957   0.000000    -0.187718   0.000000     0.000109   0.000000   )
 (  0.138448   0.000000     0.242876   0.000000     0.000000   0.000000   )
 ( -0.106926   0.000000    -0.187581   0.000000    -0.000000   0.000000   )
 (  0.138858   0.000000     0.243590   0.000000     0.000000   0.000000   )
 ( -0.107021   0.000000    -0.187744   0.000000     0.000000   0.000000   )
 (  0.138805   0.000000     0.243496   0.000000    -0.000001   0.000000   )
 ( -0.106977   0.000000    -0.187670   0.000000    -0.000000   0.000000   )
 (  0.138379   0.000000     0.242759   0.000000    -0.000001   0.000000   )
 ( -0.106894   0.000000    -0.187526   0.000000     0.000001   0.000000   )
 (  0.138399   0.000000     0.243267   0.000000    -0.000148   0.000000   )
 ( -0.106943   0.000000    -0.187713   0.000000     0.000216   0.000000   )
 (  0.138822   0.000000     0.243000   0.000000     0.000018   0.000000   )
 ( -0.107034   0.000000    -0.187674   0.000000    -0.000107   0.000000   )
     freq (   41) =      31.686347 [THz] =    1056.942770 [cm-1]
 (  0.243373   0.000000    -0.138642   0.000000    -0.000318   0.000000   )
 ( -0.187445   0.000000     0.106916   0.000000     0.000306   0.000000   )
 (  0.243090   0.000000    -0.138822   0.000000     0.000255   0.000000   )
 ( -0.187498   0.000000     0.106805   0.000000    -0.000258   0.000000   )
 (  0.242877   0.000000    -0.138449   0.000000    -0.000031   0.000000   )
 ( -0.187891   0.000000     0.107107   0.000000     0.000089   0.000000   )
 (  0.243237   0.000000    -0.138652   0.000000    -0.000047   0.000000   )
 ( -0.187746   0.000000     0.107022   0.000000    -0.000032   0.000000   )
 (  0.243025   0.000000    -0.138529   0.000000     0.000098   0.000000   )
 ( -0.187884   0.000000     0.107102   0.000000     0.000013   0.000000   )
 (  0.243079   0.000000    -0.138566   0.000000     0.000183   0.000000   )
 ( -0.187887   0.000000     0.107105   0.000000    -0.000226   0.000000   )
 (  0.243292   0.000000    -0.138778   0.000000    -0.000319   0.000000   )
 ( -0.187502   0.000000     0.106815   0.000000     0.000309   0.000000   )
 (  0.243310   0.000000    -0.138445   0.000000     0.000255   0.000000   )
 ( -0.187434   0.000000     0.106917   0.000000    -0.000260   0.000000   )
     freq (   42) =      32.701888 [THz] =    1090.817557 [cm-1]
 ( -0.203429   0.000000     0.117752   0.000000     0.000770   0.000000   )
 (  0.073003   0.000000    -0.042488   0.000000     0.017819   0.000000   )
 (  0.203593   0.000000    -0.117356   0.000000     0.000836   0.000000   )
 ( -0.073318   0.000000     0.042060   0.000000     0.017526   0.000000   )
 (  0.203611   0.000000     0.352682   0.000000     0.000000   0.000000   )
 ( -0.072971   0.000000    -0.126396   0.000000     0.000001   0.000000   )
 ( -0.203715   0.000000    -0.352856   0.000000     0.000000   0.000000   )
 (  0.073193   0.000000     0.126778   0.000000     0.000001   0.000000   )
 ( -0.203338   0.000000    -0.352203   0.000000    -0.000000   0.000000   )
 (  0.072857   0.000000     0.126196   0.000000    -0.000001   0.000000   )
 (  0.204030   0.000000     0.353407   0.000000    -0.000000   0.000000   )
 ( -0.073336   0.000000    -0.127027   0.000000    -0.000000   0.000000   )
 (  0.203681   0.000000    -0.117321   0.000000    -0.000770   0.000000   )
 ( -0.073294   0.000000     0.041987   0.000000    -0.017819   0.000000   )
 ( -0.203415   0.000000     0.117659   0.000000    -0.000836   0.000000   )
 (  0.073079   0.000000    -0.042473   0.000000    -0.017526   0.000000   )
     freq (   43) =      32.703298 [THz] =    1090.864596 [cm-1]
 (  0.230120   0.000000     0.335385   0.000000     0.000083   0.000000   )
 ( -0.082341   0.000000    -0.119986   0.000000     0.001115   0.000000   )
 ( -0.175177   0.000000    -0.367208   0.000000     0.000045   0.000000   )
 (  0.062844   0.000000     0.131622   0.000000    -0.001155   0.000000   )
 ( -0.230130   0.000000     0.132851   0.000000     0.000784   0.000000   )
 (  0.082530   0.000000    -0.047643   0.000000     0.016233   0.000000   )
 (  0.174934   0.000000    -0.100984   0.000000     0.000831   0.000000   )
 ( -0.062819   0.000000     0.036263   0.000000     0.018917   0.000000   )
 (  0.175284   0.000000    -0.101186   0.000000    -0.001184   0.000000   )
 ( -0.062694   0.000000     0.036191   0.000000    -0.018663   0.000000   )
 ( -0.230532   0.000000     0.133083   0.000000    -0.000816   0.000000   )
 (  0.082667   0.000000    -0.047723   0.000000    -0.016309   0.000000   )
 ( -0.175405   0.000000    -0.366975   0.000000     0.000083   0.000000   )
 (  0.062745   0.000000     0.131300   0.000000     0.001117   0.000000   )
 (  0.230435   0.000000     0.335304   0.000000     0.000045   0.000000   )
 ( -0.082570   0.000000    -0.120233   0.000000    -0.001154   0.000000   )
     freq (   44) =      32.704896 [THz] =    1090.917899 [cm-1]
 (  0.267256   0.000000    -0.199748   0.000000     0.001465   0.000000   )
 ( -0.095768   0.000000     0.071590   0.000000     0.013167   0.000000   )
 (  0.305757   0.000000    -0.132004   0.000000    -0.001446   0.000000   )
 ( -0.109715   0.000000     0.047312   0.000000    -0.013178   0.000000   )
 ( -0.267306   0.000000     0.154329   0.000000     0.000613   0.000000   )
 (  0.095856   0.000000    -0.055342   0.000000    -0.013477   0.000000   )
 ( -0.305829   0.000000     0.176571   0.000000    -0.000433   0.000000   )
 (  0.109717   0.000000    -0.063346   0.000000     0.009824   0.000000   )
 ( -0.306555   0.000000     0.176990   0.000000     0.000596   0.000000   )
 (  0.109882   0.000000    -0.063441   0.000000    -0.010306   0.000000   )
 ( -0.267205   0.000000     0.154270   0.000000     0.000038   0.000000   )
 (  0.095795   0.000000    -0.055307   0.000000     0.013324   0.000000   )
 (  0.306614   0.000000    -0.131577   0.000000     0.001465   0.000000   )
 ( -0.109882   0.000000     0.047143   0.000000     0.013167   0.000000   )
 (  0.267198   0.000000    -0.198792   0.000000    -0.001446   0.000000   )
 ( -0.095831   0.000000     0.071360   0.000000    -0.013178   0.000000   )
     freq (   45) =      33.603342 [THz] =    1120.886832 [cm-1]
 (  0.285988   0.000000     0.097043   0.000000    -0.082436   0.000000   )
 ( -0.203815   0.000000    -0.069091   0.000000    -0.013934   0.000000   )
 ( -0.059168   0.000000     0.295711   0.000000    -0.084973   0.000000   )
 (  0.042156   0.000000    -0.210997   0.000000    -0.014931   0.000000   )
 ( -0.285946   0.000000     0.165097   0.000000    -0.025150   0.000000   )
 (  0.204060   0.000000    -0.117819   0.000000    -0.004061   0.000000   )
 (  0.058976   0.000000    -0.034044   0.000000     0.192615   0.000000   )
 ( -0.042171   0.000000     0.024343   0.000000     0.032907   0.000000   )
 ( -0.058889   0.000000     0.033993   0.000000     0.195224   0.000000   )
 (  0.042103   0.000000    -0.024304   0.000000     0.033796   0.000000   )
 (  0.285577   0.000000    -0.164884   0.000000    -0.027720   0.000000   )
 ( -0.203923   0.000000     0.117739   0.000000    -0.005029   0.000000   )
 (  0.058957   0.000000    -0.296197   0.000000    -0.082431   0.000000   )
 ( -0.042076   0.000000     0.211057   0.000000    -0.013933   0.000000   )
 ( -0.285672   0.000000    -0.096617   0.000000    -0.084978   0.000000   )
 (  0.203802   0.000000     0.068993   0.000000    -0.014932   0.000000   )
     freq (   46) =      33.603855 [THz] =    1120.903957 [cm-1]
 (  0.038159   0.000000    -0.303540   0.000000    -0.079727   0.000000   )
 ( -0.027239   0.000000     0.216440   0.000000    -0.014551   0.000000   )
 ( -0.282579   0.000000    -0.118422   0.000000    -0.075969   0.000000   )
 (  0.201710   0.000000     0.084541   0.000000    -0.012325   0.000000   )
 ( -0.038227   0.000000     0.022060   0.000000     0.194616   0.000000   )
 (  0.027349   0.000000    -0.015783   0.000000     0.032641   0.000000   )
 (  0.282401   0.000000    -0.163054   0.000000    -0.038789   0.000000   )
 ( -0.201675   0.000000     0.116444   0.000000    -0.005815   0.000000   )
 ( -0.281927   0.000000     0.162780   0.000000    -0.042341   0.000000   )
 (  0.201145   0.000000    -0.116138   0.000000    -0.008198   0.000000   )
 (  0.038625   0.000000    -0.022291   0.000000     0.198059   0.000000   )
 ( -0.027614   0.000000     0.015936   0.000000     0.035006   0.000000   )
 (  0.281944   0.000000     0.118728   0.000000    -0.079735   0.000000   )
 ( -0.201056   0.000000    -0.084634   0.000000    -0.014552   0.000000   )
 ( -0.038742   0.000000     0.303936   0.000000    -0.075961   0.000000   )
 (  0.027646   0.000000    -0.216960   0.000000    -0.012323   0.000000   )
     freq (   47) =      33.606116 [THz] =    1120.979379 [cm-1]
 (  0.166535   0.000000    -0.096098   0.000000     0.161762   0.000000   )
 ( -0.118992   0.000000     0.068621   0.000000     0.028074   0.000000   )
 (  0.166207   0.000000    -0.095953   0.000000    -0.161920   0.000000   )
 ( -0.118875   0.000000     0.068600   0.000000    -0.027949   0.000000   )
 ( -0.166531   0.000000    -0.288432   0.000000    -0.000006   0.000000   )
 (  0.119041   0.000000     0.206179   0.000000    -0.000001   0.000000   )
 ( -0.166118   0.000000    -0.287710   0.000000     0.000005   0.000000   )
 (  0.118868   0.000000     0.205876   0.000000     0.000001   0.000000   )
 (  0.166554   0.000000     0.288465   0.000000     0.000003   0.000000   )
 ( -0.119024   0.000000    -0.206146   0.000000     0.000000   0.000000   )
 (  0.166168   0.000000     0.287802   0.000000    -0.000004   0.000000   )
 ( -0.118882   0.000000    -0.205903   0.000000    -0.000000   0.000000   )
 ( -0.166503   0.000000     0.096159   0.000000    -0.161763   0.000000   )
 (  0.118933   0.000000    -0.068729   0.000000    -0.028074   0.000000   )
 ( -0.166208   0.000000     0.095945   0.000000     0.161923   0.000000   )
 (  0.118852   0.000000    -0.068636   0.000000     0.027950   0.000000   )
     freq (   48) =      33.623085 [THz] =    1121.545391 [cm-1]
 ( -0.001510   0.000000    -0.001513   0.000000     0.319027   0.000000   )
 (  0.001195   0.000000     0.001060   0.000000     0.151540   0.000000   )
 ( -0.002382   0.000000    -0.001516   0.000000    -0.319353   0.000000   )
 (  0.001694   0.000000     0.000951   0.000000    -0.151585   0.000000   )
 (  0.001634   0.000000    -0.000945   0.000000     0.320928   0.000000   )
 ( -0.001241   0.000000     0.000718   0.000000     0.151705   0.000000   )
 (  0.002426   0.000000    -0.001402   0.000000    -0.320626   0.000000   )
 ( -0.001752   0.000000     0.001012   0.000000    -0.151603   0.000000   )
 ( -0.000550   0.000000     0.000319   0.000000     0.318741   0.000000   )
 (  0.000314   0.000000    -0.000182   0.000000     0.151232   0.000000   )
 ( -0.000130   0.000000     0.000076   0.000000    -0.318449   0.000000   )
 ( -0.000039   0.000000     0.000022   0.000000    -0.151200   0.000000   )
 (  0.000554   0.000000     0.002065   0.000000     0.319026   0.000000   )
 ( -0.000320   0.000000    -0.001565   0.000000     0.151540   0.000000   )
 (  0.000121   0.000000     0.002822   0.000000    -0.319352   0.000000   )
 (  0.000024   0.000000    -0.001943   0.000000    -0.151584   0.000000   )
 **************************************************************************
